0001_0019_0035_0036_0036.jpg 1 19 35 36 36
0002_0009_0029_0064_0064.jpg 1 9 29 64 64
0003_0021_0020_0044_0044.jpg 1 21 20 44 44
0004_0008_0050_0040_0040.jpg 1 8 50 40 40
0005_0024_0016_0069_0069.jpg 1 24 16 69 69
0006_0027_0015_0063_0063.jpg 1 27 15 63 63
0007_0043_0015_0035_0035.jpg 1 43 15 35 35
0008_0008_0062_0027_0027.jpg 1 8 62 27 27
0009_0029_0026_0055_0055.jpg 1 29 26 55 55
0010_0021_0028_0040_0040.jpg 1 21 28 40 40
0011_0057_0053_0026_0026.jpg 1 57 53 26 26
0012_0019_0034_0044_0044.jpg 1 19 34 44 44
0013_0033_0034_0052_0052.jpg 1 33 34 52 52
0014_0007_0027_0039_0039.jpg 1 7 27 39 39
0015_0014_0020_0052_0052.jpg 1 14 20 52 52
0016_0009_0051_0032_0032.jpg 1 9 51 32 32
0017_0036_0006_0057_0057.jpg 1 36 6 57 57
0018_0018_0031_0044_0044.jpg 1 18 31 44 44
0019_0007_0019_0059_0059.jpg 1 7 19 59 59
0020_0017_0017_0026_0026.jpg 1 17 17 26 26
0021_0027_0036_0046_0046.jpg 1 27 36 46 46
0022_0031_0034_0060_0060.jpg 1 31 34 60 60
0023_0031_0025_0042_0042.jpg 1 31 25 42 42
0024_0025_0008_0059_0059.jpg 1 25 8 59 59
0025_0012_0028_0064_0064.jpg 1 12 28 64 64
0026_0010_0010_0068_0068.jpg 1 10 10 68 68
0027_0009_0035_0034_0034.jpg 1 9 35 34 34
0028_0025_0020_0068_0068.jpg 1 25 20 68 68
0029_0026_0035_0029_0029.jpg 1 26 35 29 29
0030_0012_0031_0061_0061.jpg 1 12 31 61 61
0031_0033_0036_0059_0059.jpg 1 33 36 59 59
0032_0008_0013_0067_0067.jpg 1 8 13 67 67
0033_0040_0014_0054_0054.jpg 1 40 14 54 54
0034_0054_0028_0039_0039.jpg 1 54 28 39 39
0035_0032_0031_0028_0028.jpg 1 32 31 28 28
0036_0005_0008_0052_0052.jpg 1 5 8 52 52
0037_0031_0033_0024_0024.jpg 1 31 33 24 24
0038_0028_0006_0049_0049.jpg 1 28 6 49 49
0039_0019_0008_0063_0063.jpg 1 19 8 63 63
0040_0029_0050_0040_0040.jpg 1 29 50 40 40
0041_0042_0032_0052_0052.jpg 1 42 32 52 52
0042_0024_0040_0043_0043.jpg 1 24 40 43 43
0043_0063_0056_0025_0025.jpg 1 63 56 25 25
0044_0021_0006_0065_0065.jpg 1 21 6 65 65
0045_0026_0010_0059_0059.jpg 1 26 10 59 59
0046_0024_0036_0054_0054.jpg 1 24 36 54 54
0047_0020_0012_0064_0064.jpg 1 20 12 64 64
0048_0050_0052_0032_0032.jpg 1 50 52 32 32
0049_0023_0009_0041_0041.jpg 1 23 9 41 41
0050_0004_0025_0054_0054.jpg 1 4 25 54 54
0051_0008_0026_0060_0060.jpg 1 8 26 60 60
0052_0011_0017_0035_0035.jpg 1 11 17 35 35
0053_0007_0020_0069_0069.jpg 1 7 20 69 69
0054_0019_0042_0040_0040.jpg 1 19 42 40 40
0055_0014_0009_0028_0028.jpg 1 14 9 28 28
0056_0047_0008_0029_0029.jpg 1 47 8 29 29
0057_0046_0020_0048_0048.jpg 1 46 20 48 48
0058_0044_0012_0026_0026.jpg 1 44 12 26 26
0059_0038_0026_0028_0028.jpg 1 38 26 28 28
0060_0014_0029_0054_0054.jpg 1 14 29 54 54
0061_0041_0014_0037_0037.jpg 1 41 14 37 37
0062_0024_0041_0040_0040.jpg 1 24 41 40 40
0063_0006_0013_0059_0059.jpg 1 6 13 59 59
0064_0017_0010_0043_0043.jpg 1 17 10 43 43
0065_0026_0036_0057_0057.jpg 1 26 36 57 57
0066_0037_0025_0026_0026.jpg 1 37 25 26 26
0067_0023_0013_0058_0058.jpg 1 23 13 58 58
0068_0019_0026_0051_0051.jpg 1 19 26 51 51
0069_0053_0010_0040_0040.jpg 1 53 10 40 40
0070_0024_0021_0067_0067.jpg 1 24 21 67 67
0071_0023_0017_0031_0031.jpg 1 23 17 31 31
0072_0030_0019_0063_0063.jpg 1 30 19 63 63
0073_0006_0021_0054_0054.jpg 1 6 21 54 54
0074_0015_0038_0057_0057.jpg 1 15 38 57 57
0075_0025_0019_0048_0048.jpg 1 25 19 48 48
0076_0010_0043_0031_0031.jpg 1 10 43 31 31
0077_0024_0010_0065_0065.jpg 1 24 10 65 65
0078_0028_0012_0064_0064.jpg 1 28 12 64 64
0079_0025_0014_0053_0053.jpg 1 25 14 53 53
0080_0019_0023_0057_0057.jpg 1 19 23 57 57
0081_0057_0056_0025_0025.jpg 1 57 56 25 25
0082_0011_0031_0051_0051.jpg 1 11 31 51 51
0083_0032_0037_0039_0039.jpg 1 32 37 39 39
0084_0014_0022_0063_0063.jpg 1 14 22 63 63
0085_0023_0031_0051_0051.jpg 1 23 31 51 51
0086_0021_0046_0048_0048.jpg 1 21 46 48 48
0087_0025_0014_0049_0049.jpg 1 25 14 49 49
0088_0008_0007_0063_0063.jpg 1 8 7 63 63
0089_0024_0013_0051_0051.jpg 1 24 13 51 51
0090_0019_0026_0060_0060.jpg 1 19 26 60 60
0091_0058_0042_0025_0025.jpg 1 58 42 25 25
0092_0026_0030_0061_0061.jpg 1 26 30 61 61
0093_0043_0043_0036_0036.jpg 1 43 43 36 36
0094_0022_0036_0057_0057.jpg 1 22 36 57 57
0095_0043_0012_0037_0037.jpg 1 43 12 37 37
0096_0032_0008_0052_0052.jpg 1 32 8 52 52
0097_0033_0014_0029_0029.jpg 1 33 14 29 29
0098_0007_0008_0065_0065.jpg 1 7 8 65 65
0099_0023_0041_0046_0046.jpg 1 23 41 46 46
0100_0005_0023_0054_0054.jpg 1 5 23 54 54
0101_0034_0041_0054_0054.jpg 1 34 41 54 54
0102_0028_0008_0064_0064.jpg 1 28 8 64 64
0103_0042_0019_0036_0036.jpg 1 42 19 36 36
0104_0007_0031_0065_0065.jpg 1 7 31 65 65
0105_0008_0020_0042_0042.jpg 1 8 20 42 42
0106_0034_0060_0029_0029.jpg 1 34 60 29 29
0107_0012_0016_0054_0054.jpg 1 12 16 54 54
0108_0026_0026_0050_0050.jpg 1 26 26 50 50
0109_0006_0020_0052_0052.jpg 1 6 20 52 52
0110_0015_0016_0064_0064.jpg 1 15 16 64 64
0111_0024_0009_0068_0068.jpg 1 24 9 68 68
0112_0058_0015_0031_0031.jpg 1 58 15 31 31
0113_0033_0046_0037_0037.jpg 1 33 46 37 37
0114_0016_0047_0028_0028.jpg 1 16 47 28 28
0115_0006_0017_0049_0049.jpg 1 6 17 49 49
0116_0053_0043_0034_0034.jpg 1 53 43 34 34
0117_0018_0006_0068_0068.jpg 1 18 6 68 68
0118_0037_0026_0033_0033.jpg 1 37 26 33 33
0119_0013_0030_0063_0063.jpg 1 13 30 63 63
0120_0053_0042_0038_0038.jpg 1 53 42 38 38
0121_0005_0039_0053_0053.jpg 1 5 39 53 53
0122_0024_0060_0026_0026.jpg 1 24 60 26 26
0123_0042_0023_0030_0030.jpg 1 42 23 30 30
0124_0009_0018_0062_0062.jpg 1 9 18 62 62
0125_0027_0028_0052_0052.jpg 1 27 28 52 52
0126_0007_0011_0061_0061.jpg 1 7 11 61 61
0127_0028_0026_0044_0044.jpg 1 28 26 44 44
0128_0017_0021_0064_0064.jpg 1 17 21 64 64
0129_0032_0018_0042_0042.jpg 1 32 18 42 42
0130_0016_0029_0058_0058.jpg 1 16 29 58 58
0131_0036_0009_0044_0044.jpg 1 36 9 44 44
0132_0056_0018_0031_0031.jpg 1 56 18 31 31
0133_0006_0031_0046_0046.jpg 1 6 31 46 46
0134_0020_0015_0034_0034.jpg 1 20 15 34 34
0135_0026_0023_0037_0037.jpg 1 26 23 37 37
0136_0008_0018_0064_0064.jpg 1 8 18 64 64
0137_0012_0039_0044_0044.jpg 1 12 39 44 44
0138_0018_0018_0045_0045.jpg 1 18 18 45 45
0139_0035_0036_0048_0048.jpg 1 35 36 48 48
0140_0045_0046_0047_0047.jpg 1 45 46 47 47
0141_0037_0011_0048_0048.jpg 1 37 11 48 48
0142_0032_0008_0047_0047.jpg 1 32 8 47 47
0143_0003_0008_0069_0069.jpg 1 3 8 69 69
0144_0009_0031_0062_0062.jpg 1 9 31 62 62
0145_0025_0020_0058_0058.jpg 1 25 20 58 58
0146_0033_0026_0024_0024.jpg 1 33 26 24 24
0147_0015_0033_0048_0048.jpg 1 15 33 48 48
0148_0025_0025_0056_0056.jpg 1 25 25 56 56
0149_0029_0023_0055_0055.jpg 1 29 23 55 55
0150_0020_0041_0033_0033.jpg 1 20 41 33 33
0151_0025_0014_0029_0029.jpg 1 25 14 29 29
0152_0031_0004_0064_0064.jpg 1 31 4 64 64
0153_0042_0053_0039_0039.jpg 1 42 53 39 39
0154_0020_0017_0056_0056.jpg 1 20 17 56 56
0155_0029_0024_0048_0048.jpg 1 29 24 48 48
0156_0039_0052_0026_0026.jpg 1 39 52 26 26
0157_0015_0011_0069_0069.jpg 1 15 11 69 69
0158_0030_0020_0044_0044.jpg 1 30 20 44 44
0159_0010_0022_0039_0039.jpg 1 10 22 39 39
0160_0021_0040_0051_0051.jpg 1 21 40 51 51
0161_0017_0055_0032_0032.jpg 1 17 55 32 32
0162_0029_0041_0045_0045.jpg 1 29 41 45 45
0163_0005_0006_0056_0056.jpg 1 5 6 56 56
0164_0046_0044_0045_0045.jpg 1 46 44 45 45
0165_0040_0024_0046_0046.jpg 1 40 24 46 46
0166_0014_0015_0063_0063.jpg 1 14 15 63 63
0167_0009_0026_0039_0039.jpg 1 9 26 39 39
0168_0058_0028_0029_0029.jpg 1 58 28 29 29
0169_0030_0018_0042_0042.jpg 1 30 18 42 42
0170_0011_0035_0053_0053.jpg 1 11 35 53 53
0171_0045_0039_0035_0035.jpg 1 45 39 35 35
0172_0017_0014_0040_0040.jpg 1 17 14 40 40
0173_0013_0057_0035_0035.jpg 1 13 57 35 35
0174_0039_0038_0052_0052.jpg 1 39 38 52 52
0175_0032_0010_0060_0060.jpg 1 32 10 60 60
0176_0012_0008_0031_0031.jpg 1 12 8 31 31
0177_0024_0031_0025_0025.jpg 1 24 31 25 25
0178_0026_0021_0033_0033.jpg 1 26 21 33 33
0179_0046_0039_0041_0041.jpg 1 46 39 41 41
0180_0019_0027_0053_0053.jpg 1 19 27 53 53
0181_0052_0024_0040_0040.jpg 1 52 24 40 40
0182_0045_0031_0042_0042.jpg 1 45 31 42 42
0183_0009_0041_0045_0045.jpg 1 9 41 45 45
0184_0007_0010_0065_0065.jpg 1 7 10 65 65
0185_0050_0050_0034_0034.jpg 1 50 50 34 34
0186_0021_0038_0052_0052.jpg 1 21 38 52 52
0187_0022_0008_0039_0039.jpg 1 22 8 39 39
0188_0026_0032_0062_0062.jpg 1 26 32 62 62
0189_0018_0013_0068_0068.jpg 1 18 13 68 68
0190_0017_0005_0046_0046.jpg 1 17 5 46 46
0191_0014_0046_0028_0028.jpg 1 14 46 28 28
0192_0037_0018_0028_0028.jpg 1 37 18 28 28
0193_0032_0032_0029_0029.jpg 1 32 32 29 29
0194_0007_0006_0063_0063.jpg 1 7 6 63 63
0195_0010_0036_0043_0043.jpg 1 10 36 43 43
0196_0003_0024_0066_0066.jpg 1 3 24 66 66
0197_0023_0056_0035_0035.jpg 1 23 56 35 35
0198_0027_0029_0052_0052.jpg 1 27 29 52 52
0199_0020_0025_0047_0047.jpg 1 20 25 47 47
0200_0022_0055_0024_0024.jpg 1 22 55 24 24
0201_0014_0013_0064_0064.jpg 1 14 13 64 64
0202_0030_0015_0046_0046.jpg 1 30 15 46 46
0203_0028_0028_0066_0066.jpg 1 28 28 66 66
0204_0020_0023_0043_0043.jpg 1 20 23 43 43
0205_0019_0023_0041_0041.jpg 1 19 23 41 41
0206_0047_0042_0026_0026.jpg 1 47 42 26 26
0207_0007_0012_0047_0047.jpg 1 7 12 47 47
0208_0032_0040_0044_0044.jpg 1 32 40 44 44
0209_0027_0036_0058_0058.jpg 1 27 36 58 58
0210_0022_0017_0049_0049.jpg 1 22 17 49 49
0211_0036_0029_0034_0034.jpg 1 36 29 34 34
0212_0015_0047_0044_0044.jpg 1 15 47 44 44
0213_0026_0012_0051_0051.jpg 1 26 12 51 51
0214_0034_0033_0055_0055.jpg 1 34 33 55 55
0215_0011_0003_0069_0069.jpg 1 11 3 69 69
0216_0016_0025_0058_0058.jpg 1 16 25 58 58
0217_0014_0003_0067_0067.jpg 1 14 3 67 67
0218_0028_0010_0052_0052.jpg 1 28 10 52 52
0219_0026_0006_0054_0054.jpg 1 26 6 54 54
0220_0033_0016_0049_0049.jpg 1 33 16 49 49
0221_0010_0020_0031_0031.jpg 1 10 20 31 31
0222_0025_0034_0061_0061.jpg 1 25 34 61 61
0223_0014_0020_0061_0061.jpg 1 14 20 61 61
0224_0027_0027_0058_0058.jpg 1 27 27 58 58
0225_0021_0017_0059_0059.jpg 1 21 17 59 59
0226_0018_0013_0063_0063.jpg 1 18 13 63 63
0227_0026_0040_0054_0054.jpg 1 26 40 54 54
0228_0005_0006_0064_0064.jpg 1 5 6 64 64
0229_0041_0036_0041_0041.jpg 1 41 36 41 41
0230_0024_0034_0040_0040.jpg 1 24 34 40 40
0231_0030_0017_0066_0066.jpg 1 30 17 66 66
0232_0007_0031_0065_0065.jpg 1 7 31 65 65
0233_0039_0025_0047_0047.jpg 1 39 25 47 47
0234_0029_0011_0064_0064.jpg 1 29 11 64 64
0235_0039_0028_0054_0054.jpg 1 39 28 54 54
0236_0013_0057_0029_0029.jpg 1 13 57 29 29
0237_0020_0038_0048_0048.jpg 1 20 38 48 48
0238_0017_0037_0057_0057.jpg 1 17 37 57 57
0239_0016_0011_0035_0035.jpg 1 16 11 35 35
0240_0045_0028_0027_0027.jpg 1 45 28 27 27
0241_0005_0035_0047_0047.jpg 1 5 35 47 47
0242_0004_0008_0064_0064.jpg 1 4 8 64 64
0243_0007_0051_0030_0030.jpg 1 7 51 30 30
0244_0006_0043_0043_0043.jpg 1 6 43 43 43
0245_0044_0031_0024_0024.jpg 1 44 31 24 24
0246_0020_0008_0063_0063.jpg 1 20 8 63 63
0247_0026_0024_0061_0061.jpg 1 26 24 61 61
0248_0025_0019_0058_0058.jpg 1 25 19 58 58
0249_0050_0061_0029_0029.jpg 1 50 61 29 29
0250_0021_0040_0051_0051.jpg 1 21 40 51 51
0251_0006_0022_0051_0051.jpg 1 6 22 51 51
0252_0018_0045_0048_0048.jpg 1 18 45 48 48
0253_0010_0027_0033_0033.jpg 1 10 27 33 33
0254_0019_0055_0036_0036.jpg 1 19 55 36 36
0255_0017_0036_0051_0051.jpg 1 17 36 51 51
0256_0025_0020_0067_0067.jpg 1 25 20 67 67
0257_0024_0014_0059_0059.jpg 1 24 14 59 59
0258_0014_0019_0035_0035.jpg 1 14 19 35 35
0259_0011_0042_0049_0049.jpg 1 11 42 49 49
0260_0006_0008_0057_0057.jpg 1 6 8 57 57
0261_0016_0048_0046_0046.jpg 1 16 48 46 46
0262_0007_0003_0067_0067.jpg 1 7 3 67 67
0263_0025_0022_0055_0055.jpg 1 25 22 55 55
0264_0033_0018_0030_0030.jpg 1 33 18 30 30
0265_0005_0007_0064_0064.jpg 1 5 7 64 64
0266_0026_0031_0053_0053.jpg 1 26 31 53 53
0267_0023_0034_0050_0050.jpg 1 23 34 50 50
0268_0023_0032_0058_0058.jpg 1 23 32 58 58
0269_0034_0043_0039_0039.jpg 1 34 43 39 39
0270_0023_0039_0044_0044.jpg 1 23 39 44 44
0271_0062_0063_0029_0029.jpg 1 62 63 29 29
0272_0011_0006_0042_0042.jpg 1 11 6 42 42
0273_0014_0007_0065_0065.jpg 1 14 7 65 65
0274_0040_0040_0027_0027.jpg 1 40 40 27 27
0275_0051_0047_0036_0036.jpg 1 51 47 36 36
0276_0020_0016_0068_0068.jpg 1 20 16 68 68
0277_0025_0033_0034_0034.jpg 1 25 33 34 34
0278_0018_0013_0062_0062.jpg 1 18 13 62 62
0279_0064_0051_0025_0025.jpg 1 64 51 25 25
0280_0045_0050_0038_0038.jpg 1 45 50 38 38
0281_0052_0015_0040_0040.jpg 1 52 15 40 40
0282_0020_0047_0042_0042.jpg 1 20 47 42 42
0283_0022_0018_0036_0036.jpg 1 22 18 36 36
0284_0037_0021_0032_0032.jpg 1 37 21 32 32
0285_0033_0015_0054_0054.jpg 1 33 15 54 54
0286_0016_0028_0057_0057.jpg 1 16 28 57 57
0287_0038_0026_0050_0050.jpg 1 38 26 50 50
0288_0024_0011_0069_0069.jpg 1 24 11 69 69
0289_0034_0024_0057_0057.jpg 1 34 24 57 57
0290_0014_0017_0068_0068.jpg 1 14 17 68 68
0291_0033_0032_0033_0033.jpg 1 33 32 33 33
0292_0031_0005_0060_0060.jpg 1 31 5 60 60
0293_0008_0033_0032_0032.jpg 1 8 33 32 32
0294_0024_0039_0035_0035.jpg 1 24 39 35 35
0295_0026_0015_0065_0065.jpg 1 26 15 65 65
0296_0018_0045_0028_0028.jpg 1 18 45 28 28
0297_0014_0036_0052_0052.jpg 1 14 36 52 52
0298_0005_0012_0055_0055.jpg 1 5 12 55 55
0299_0009_0010_0060_0060.jpg 1 9 10 60 60
0300_0023_0022_0057_0057.jpg 1 23 22 57 57
0301_0010_0041_0041_0041.jpg 1 10 41 41 41
0302_0017_0044_0028_0028.jpg 1 17 44 28 28
0303_0011_0049_0034_0034.jpg 1 11 49 34 34
0304_0035_0036_0059_0059.jpg 1 35 36 59 59
0305_0007_0031_0050_0050.jpg 1 7 31 50 50
0306_0015_0009_0069_0069.jpg 1 15 9 69 69
0307_0033_0018_0057_0057.jpg 1 33 18 57 57
0308_0011_0016_0042_0042.jpg 1 11 16 42 42
0309_0032_0004_0062_0062.jpg 1 32 4 62 62
0310_0006_0008_0044_0044.jpg 1 6 8 44 44
0311_0025_0012_0059_0059.jpg 1 25 12 59 59
0312_0030_0010_0059_0059.jpg 1 30 10 59 59
0313_0017_0016_0034_0034.jpg 1 17 16 34 34
0314_0022_0028_0064_0064.jpg 1 22 28 64 64
0315_0007_0016_0059_0059.jpg 1 7 16 59 59
0316_0013_0016_0061_0061.jpg 1 13 16 61 61
0317_0028_0032_0032_0032.jpg 1 28 32 32 32
0318_0033_0064_0025_0025.jpg 1 33 64 25 25
0319_0018_0024_0062_0062.jpg 1 18 24 62 62
0320_0044_0052_0037_0037.jpg 1 44 52 37 37
0321_0031_0046_0035_0035.jpg 1 31 46 35 35
0322_0030_0005_0061_0061.jpg 1 30 5 61 61
0323_0013_0026_0057_0057.jpg 1 13 26 57 57
0324_0024_0010_0045_0045.jpg 1 24 10 45 45
0325_0020_0042_0028_0028.jpg 1 20 42 28 28
0326_0026_0017_0029_0029.jpg 1 26 17 29 29
0327_0019_0015_0055_0055.jpg 1 19 15 55 55
0328_0020_0042_0029_0029.jpg 1 20 42 29 29
0329_0035_0006_0037_0037.jpg 1 35 6 37 37
0330_0024_0021_0061_0061.jpg 1 24 21 61 61
0331_0039_0007_0041_0041.jpg 1 39 7 41 41
0332_0008_0014_0041_0041.jpg 1 8 14 41 41
0333_0010_0018_0036_0036.jpg 1 10 18 36 36
0334_0011_0022_0048_0048.jpg 1 11 22 48 48
0335_0012_0024_0054_0054.jpg 1 12 24 54 54
0336_0008_0025_0050_0050.jpg 1 8 25 50 50
0337_0015_0054_0028_0028.jpg 1 15 54 28 28
0338_0014_0045_0046_0046.jpg 1 14 45 46 46
0339_0028_0030_0051_0051.jpg 1 28 30 51 51
0340_0022_0019_0030_0030.jpg 1 22 19 30 30
0341_0029_0022_0044_0044.jpg 1 29 22 44 44
0342_0029_0008_0049_0049.jpg 1 29 8 49 49
0343_0037_0017_0030_0030.jpg 1 37 17 30 30
0344_0031_0032_0045_0045.jpg 1 31 32 45 45
0345_0037_0026_0041_0041.jpg 1 37 26 41 41
0346_0029_0017_0065_0065.jpg 1 29 17 65 65
0347_0010_0053_0034_0034.jpg 1 10 53 34 34
0348_0020_0023_0061_0061.jpg 1 20 23 61 61
0349_0008_0023_0040_0040.jpg 1 8 23 40 40
0350_0060_0031_0026_0026.jpg 1 60 31 26 26
0351_0047_0016_0046_0046.jpg 1 47 16 46 46
0352_0027_0044_0031_0031.jpg 1 27 44 31 31
0353_0018_0010_0067_0067.jpg 1 18 10 67 67
0354_0031_0019_0054_0054.jpg 1 31 19 54 54
0355_0014_0029_0033_0033.jpg 1 14 29 33 33
0356_0045_0040_0027_0027.jpg 1 45 40 27 27
0357_0004_0030_0061_0061.jpg 1 4 30 61 61
0358_0033_0023_0043_0043.jpg 1 33 23 43 43
0359_0061_0010_0031_0031.jpg 1 61 10 31 31
0360_0024_0016_0051_0051.jpg 1 24 16 51 51
0361_0014_0011_0050_0050.jpg 1 14 11 50 50
0362_0027_0015_0067_0067.jpg 1 27 15 67 67
0363_0039_0014_0045_0045.jpg 1 39 14 45 45
0364_0062_0008_0027_0027.jpg 1 62 8 27 27
0365_0031_0030_0053_0053.jpg 1 31 30 53 53
0366_0033_0035_0051_0051.jpg 1 33 35 51 51
0367_0044_0012_0050_0050.jpg 1 44 12 50 50
0368_0031_0053_0030_0030.jpg 1 31 53 30 30
0369_0054_0012_0029_0029.jpg 1 54 12 29 29
0370_0011_0023_0043_0043.jpg 1 11 23 43 43
0371_0022_0014_0069_0069.jpg 1 22 14 69 69
0372_0008_0035_0046_0046.jpg 1 8 35 46 46
0373_0016_0008_0054_0054.jpg 1 16 8 54 54
0374_0046_0016_0024_0024.jpg 1 46 16 24 24
0375_0019_0034_0035_0035.jpg 1 19 34 35 35
0376_0005_0015_0060_0060.jpg 1 5 15 60 60
0377_0030_0023_0043_0043.jpg 1 30 23 43 43
0378_0031_0036_0038_0038.jpg 1 31 36 38 38
0379_0034_0028_0058_0058.jpg 1 34 28 58 58
0380_0008_0011_0049_0049.jpg 1 8 11 49 49
0381_0033_0020_0060_0060.jpg 1 33 20 60 60
0382_0011_0036_0053_0053.jpg 1 11 36 53 53
0383_0040_0012_0054_0054.jpg 1 40 12 54 54
0384_0047_0059_0024_0024.jpg 1 47 59 24 24
0385_0023_0036_0043_0043.jpg 1 23 36 43 43
0386_0032_0023_0041_0041.jpg 1 32 23 41 41
0387_0029_0029_0060_0060.jpg 1 29 29 60 60
0388_0037_0046_0024_0024.jpg 1 37 46 24 24
0389_0018_0021_0067_0067.jpg 1 18 21 67 67
0390_0039_0067_0024_0024.jpg 1 39 67 24 24
0391_0017_0039_0042_0042.jpg 1 17 39 42 42
0392_0031_0032_0062_0062.jpg 1 31 32 62 62
0393_0028_0055_0025_0025.jpg 1 28 55 25 25
0394_0008_0022_0065_0065.jpg 1 8 22 65 65
0395_0008_0045_0032_0032.jpg 1 8 45 32 32
0396_0016_0022_0031_0031.jpg 1 16 22 31 31
0397_0015_0043_0027_0027.jpg 1 15 43 27 27
0398_0024_0032_0031_0031.jpg 1 24 32 31 31
0399_0013_0051_0025_0025.jpg 1 13 51 25 25
0400_0031_0008_0062_0062.jpg 1 31 8 62 62
0401_0022_0057_0033_0033.jpg 1 22 57 33 33
0402_0030_0016_0054_0054.jpg 1 30 16 54 54
0403_0010_0059_0025_0025.jpg 1 10 59 25 25
0404_0016_0031_0062_0062.jpg 1 16 31 62 62
0405_0032_0044_0029_0029.jpg 1 32 44 29 29
0406_0024_0039_0055_0055.jpg 1 24 39 55 55
0407_0031_0020_0032_0032.jpg 1 31 20 32 32
0408_0015_0048_0027_0027.jpg 1 15 48 27 27
0409_0028_0018_0067_0067.jpg 1 28 18 67 67
0410_0059_0060_0024_0024.jpg 1 59 60 24 24
0411_0017_0046_0043_0043.jpg 1 17 46 43 43
0412_0051_0015_0040_0040.jpg 1 51 15 40 40
0413_0019_0027_0029_0029.jpg 1 19 27 29 29
0414_0030_0040_0054_0054.jpg 1 30 40 54 54
0415_0011_0030_0045_0045.jpg 1 11 30 45 45
0416_0036_0042_0031_0031.jpg 1 36 42 31 31
0417_0008_0025_0037_0037.jpg 1 8 25 37 37
0418_0026_0024_0062_0062.jpg 1 26 24 62 62
0419_0041_0034_0049_0049.jpg 1 41 34 49 49
0420_0037_0026_0052_0052.jpg 1 37 26 52 52
0421_0011_0040_0029_0029.jpg 1 11 40 29 29
0422_0022_0028_0058_0058.jpg 1 22 28 58 58
0423_0039_0015_0049_0049.jpg 1 39 15 49 49
0424_0026_0047_0035_0035.jpg 1 26 47 35 35
0425_0012_0026_0036_0036.jpg 1 12 26 36 36
0426_0043_0043_0048_0048.jpg 1 43 43 48 48
0427_0010_0024_0052_0052.jpg 1 10 24 52 52
0428_0045_0019_0025_0025.jpg 1 45 19 25 25
0429_0037_0034_0032_0032.jpg 1 37 34 32 32
0430_0027_0019_0028_0028.jpg 1 27 19 28 28
0431_0019_0013_0032_0032.jpg 1 19 13 32 32
0432_0032_0050_0025_0025.jpg 1 32 50 25 25
0433_0020_0025_0069_0069.jpg 1 20 25 69 69
0434_0028_0035_0025_0025.jpg 1 28 35 25 25
0435_0007_0029_0061_0061.jpg 1 7 29 61 61
0436_0015_0009_0048_0048.jpg 1 15 9 48 48
0437_0011_0030_0042_0042.jpg 1 11 30 42 42
0438_0040_0018_0044_0044.jpg 1 40 18 44 44
0439_0057_0027_0026_0026.jpg 1 57 27 26 26
0440_0030_0034_0056_0056.jpg 1 30 34 56 56
0441_0009_0022_0050_0050.jpg 1 9 22 50 50
0442_0014_0004_0061_0061.jpg 1 14 4 61 61
0443_0044_0022_0041_0041.jpg 1 44 22 41 41
0444_0005_0006_0051_0051.jpg 1 5 6 51 51
0445_0005_0014_0066_0066.jpg 1 5 14 66 66
0446_0025_0016_0068_0068.jpg 1 25 16 68 68
0447_0006_0010_0068_0068.jpg 1 6 10 68 68
0448_0025_0010_0069_0069.jpg 1 25 10 69 69
0449_0048_0057_0030_0030.jpg 1 48 57 30 30
0450_0023_0006_0064_0064.jpg 1 23 6 64 64
0451_0008_0011_0053_0053.jpg 1 8 11 53 53
0452_0039_0036_0035_0035.jpg 1 39 36 35 35
0453_0022_0005_0066_0066.jpg 1 22 5 66 66
0454_0008_0018_0046_0046.jpg 1 8 18 46 46
0455_0020_0027_0056_0056.jpg 1 20 27 56 56
0456_0053_0009_0032_0032.jpg 1 53 9 32 32
0457_0023_0014_0066_0066.jpg 1 23 14 66 66
0458_0022_0036_0057_0057.jpg 1 22 36 57 57
0459_0026_0021_0064_0064.jpg 1 26 21 64 64
0460_0009_0003_0069_0069.jpg 1 9 3 69 69
0461_0010_0038_0050_0050.jpg 1 10 38 50 50
0462_0020_0045_0036_0036.jpg 1 20 45 36 36
0463_0010_0029_0028_0028.jpg 1 10 29 28 28
0464_0060_0053_0027_0027.jpg 1 60 53 27 27
0465_0019_0029_0027_0027.jpg 1 19 29 27 27
0466_0026_0031_0044_0044.jpg 1 26 31 44 44
0467_0034_0019_0044_0044.jpg 1 34 19 44 44
0468_0016_0016_0066_0066.jpg 1 16 16 66 66
0469_0033_0019_0030_0030.jpg 1 33 19 30 30
0470_0048_0055_0029_0029.jpg 1 48 55 29 29
0471_0013_0055_0024_0024.jpg 1 13 55 24 24
0472_0057_0009_0024_0024.jpg 1 57 9 24 24
0473_0008_0017_0065_0065.jpg 1 8 17 65 65
0474_0022_0037_0051_0051.jpg 1 22 37 51 51
0475_0012_0008_0057_0057.jpg 1 12 8 57 57
0476_0012_0038_0053_0053.jpg 1 12 38 53 53
0477_0024_0007_0062_0062.jpg 1 24 7 62 62
0478_0011_0017_0044_0044.jpg 1 11 17 44 44
0479_0038_0022_0039_0039.jpg 1 38 22 39 39
0480_0025_0005_0063_0063.jpg 1 25 5 63 63
0481_0028_0033_0052_0052.jpg 1 28 33 52 52
0482_0046_0021_0040_0040.jpg 1 46 21 40 40
0483_0012_0017_0030_0030.jpg 1 12 17 30 30
0484_0046_0052_0036_0036.jpg 1 46 52 36 36
0485_0017_0017_0069_0069.jpg 1 17 17 69 69
0486_0038_0036_0028_0028.jpg 1 38 36 28 28
0487_0022_0025_0068_0068.jpg 1 22 25 68 68
0488_0009_0027_0069_0069.jpg 1 9 27 69 69
0489_0017_0019_0050_0050.jpg 1 17 19 50 50
0490_0029_0028_0038_0038.jpg 1 29 28 38 38
0491_0047_0008_0027_0027.jpg 1 47 8 27 27
0492_0006_0048_0044_0044.jpg 1 6 48 44 44
0493_0004_0005_0065_0065.jpg 1 4 5 65 65
0494_0025_0042_0046_0046.jpg 1 25 42 46 46
0495_0009_0016_0066_0066.jpg 1 9 16 66 66
0496_0020_0033_0039_0039.jpg 1 20 33 39 39
0497_0007_0059_0028_0028.jpg 1 7 59 28 28
0498_0021_0017_0056_0056.jpg 1 21 17 56 56
0499_0025_0027_0026_0026.jpg 1 25 27 26 26
0500_0007_0020_0042_0042.jpg 1 7 20 42 42
0501_0022_0009_0066_0066.jpg 1 22 9 66 66
0502_0036_0019_0052_0052.jpg 1 36 19 52 52
0503_0056_0039_0029_0029.jpg 1 56 39 29 29
0504_0018_0029_0041_0041.jpg 1 18 29 41 41
0505_0019_0013_0048_0048.jpg 1 19 13 48 48
0506_0035_0006_0034_0034.jpg 1 35 6 34 34
0507_0013_0010_0050_0050.jpg 1 13 10 50 50
0508_0016_0033_0063_0063.jpg 1 16 33 63 63
0509_0013_0050_0044_0044.jpg 1 13 50 44 44
0510_0027_0027_0066_0066.jpg 1 27 27 66 66
0511_0019_0033_0052_0052.jpg 1 19 33 52 52
0512_0060_0017_0028_0028.jpg 1 60 17 28 28
0513_0050_0023_0038_0038.jpg 1 50 23 38 38
0514_0040_0013_0030_0030.jpg 1 40 13 30 30
0515_0038_0047_0030_0030.jpg 1 38 47 30 30
0516_0021_0054_0025_0025.jpg 1 21 54 25 25
0517_0030_0021_0065_0065.jpg 1 30 21 65 65
0518_0022_0007_0043_0043.jpg 1 22 7 43 43
0519_0023_0047_0045_0045.jpg 1 23 47 45 45
0520_0036_0055_0024_0024.jpg 1 36 55 24 24
0521_0005_0024_0063_0063.jpg 1 5 24 63 63
0522_0012_0017_0033_0033.jpg 1 12 17 33 33
0523_0026_0039_0039_0039.jpg 1 26 39 39 39
0524_0029_0013_0058_0058.jpg 1 29 13 58 58
0525_0020_0029_0056_0056.jpg 1 20 29 56 56
0526_0018_0012_0055_0055.jpg 1 18 12 55 55
0527_0018_0019_0057_0057.jpg 1 18 19 57 57
0528_0034_0023_0031_0031.jpg 1 34 23 31 31
0529_0015_0042_0052_0052.jpg 1 15 42 52 52
0530_0033_0023_0057_0057.jpg 1 33 23 57 57
0531_0029_0033_0058_0058.jpg 1 29 33 58 58
0532_0047_0046_0038_0038.jpg 1 47 46 38 38
0533_0053_0052_0040_0040.jpg 1 53 52 40 40
0534_0020_0024_0058_0058.jpg 1 20 24 58 58
0535_0039_0033_0048_0048.jpg 1 39 33 48 48
0536_0006_0033_0031_0031.jpg 1 6 33 31 31
0537_0049_0011_0029_0029.jpg 1 49 11 29 29
0538_0008_0016_0049_0049.jpg 1 8 16 49 49
0539_0032_0032_0024_0024.jpg 1 32 32 24 24
0540_0031_0027_0050_0050.jpg 1 31 27 50 50
0541_0042_0030_0041_0041.jpg 1 42 30 41 41
0542_0035_0014_0035_0035.jpg 1 35 14 35 35
0543_0027_0014_0069_0069.jpg 1 27 14 69 69
0544_0029_0056_0028_0028.jpg 1 29 56 28 28
0545_0024_0010_0062_0062.jpg 1 24 10 62 62
0546_0030_0018_0028_0028.jpg 1 30 18 28 28
0547_0009_0028_0060_0060.jpg 1 9 28 60 60
0548_0027_0016_0065_0065.jpg 1 27 16 65 65
0549_0054_0043_0036_0036.jpg 1 54 43 36 36
0550_0053_0037_0039_0039.jpg 1 53 37 39 39
0551_0010_0048_0037_0037.jpg 1 10 48 37 37
0552_0021_0032_0053_0053.jpg 1 21 32 53 53
0553_0013_0051_0041_0041.jpg 1 13 51 41 41
0554_0054_0057_0033_0033.jpg 1 54 57 33 33
0555_0028_0023_0058_0058.jpg 1 28 23 58 58
0556_0029_0015_0035_0035.jpg 1 29 15 35 35
0557_0024_0013_0053_0053.jpg 1 24 13 53 53
0558_0021_0026_0053_0053.jpg 1 21 26 53 53
0559_0015_0010_0054_0054.jpg 1 15 10 54 54
0560_0015_0009_0066_0066.jpg 1 15 9 66 66
0561_0014_0009_0037_0037.jpg 1 14 9 37 37
0562_0052_0052_0039_0039.jpg 1 52 52 39 39
0563_0029_0038_0053_0053.jpg 1 29 38 53 53
0564_0056_0020_0024_0024.jpg 1 56 20 24 24
0565_0035_0065_0027_0027.jpg 1 35 65 27 27
0566_0011_0017_0042_0042.jpg 1 11 17 42 42
0567_0038_0010_0038_0038.jpg 1 38 10 38 38
0568_0038_0011_0056_0056.jpg 1 38 11 56 56
0569_0037_0036_0034_0034.jpg 1 37 36 34 34
0570_0026_0023_0044_0044.jpg 1 26 23 44 44
0571_0033_0057_0032_0032.jpg 1 33 57 32 32
0572_0050_0053_0032_0032.jpg 1 50 53 32 32
0573_0039_0016_0034_0034.jpg 1 39 16 34 34
0574_0034_0044_0039_0039.jpg 1 34 44 39 39
0575_0009_0025_0047_0047.jpg 1 9 25 47 47
0576_0008_0024_0033_0033.jpg 1 8 24 33 33
0577_0010_0031_0061_0061.jpg 1 10 31 61 61
0578_0047_0024_0026_0026.jpg 1 47 24 26 26
0579_0038_0021_0032_0032.jpg 1 38 21 32 32
0580_0039_0013_0035_0035.jpg 1 39 13 35 35
0581_0029_0014_0057_0057.jpg 1 29 14 57 57
0582_0032_0006_0055_0055.jpg 1 32 6 55 55
0583_0024_0026_0049_0049.jpg 1 24 26 49 49
0584_0013_0009_0033_0033.jpg 1 13 9 33 33
0585_0030_0024_0057_0057.jpg 1 30 24 57 57
0586_0019_0027_0032_0032.jpg 1 19 27 32 32
0587_0016_0038_0044_0044.jpg 1 16 38 44 44
0588_0055_0051_0037_0037.jpg 1 55 51 37 37
0589_0028_0013_0038_0038.jpg 1 28 13 38 38
0590_0008_0039_0037_0037.jpg 1 8 39 37 37
0591_0022_0026_0060_0060.jpg 1 22 26 60 60
0592_0004_0017_0069_0069.jpg 1 4 17 69 69
0593_0034_0026_0056_0056.jpg 1 34 26 56 56
0594_0016_0015_0041_0041.jpg 1 16 15 41 41
0595_0026_0016_0061_0061.jpg 1 26 16 61 61
0596_0030_0026_0062_0062.jpg 1 30 26 62 62
0597_0017_0031_0055_0055.jpg 1 17 31 55 55
0598_0014_0009_0043_0043.jpg 1 14 9 43 43
0599_0005_0035_0051_0051.jpg 1 5 35 51 51
0600_0008_0047_0042_0042.jpg 1 8 47 42 42
0601_0005_0013_0045_0045.jpg 1 5 13 45 45
0602_0008_0007_0058_0058.jpg 1 8 7 58 58
0603_0013_0045_0031_0031.jpg 1 13 45 31 31
0604_0052_0013_0024_0024.jpg 1 52 13 24 24
0605_0039_0022_0052_0052.jpg 1 39 22 52 52
0606_0012_0016_0069_0069.jpg 1 12 16 69 69
0607_0027_0044_0038_0038.jpg 1 27 44 38 38
0608_0030_0031_0060_0060.jpg 1 30 31 60 60
0609_0023_0027_0061_0061.jpg 1 23 27 61 61
0610_0025_0007_0066_0066.jpg 1 25 7 66 66
0611_0026_0017_0043_0043.jpg 1 26 17 43 43
0612_0026_0009_0043_0043.jpg 1 26 9 43 43
0613_0017_0028_0064_0064.jpg 1 17 28 64 64
0614_0015_0053_0040_0040.jpg 1 15 53 40 40
0615_0017_0052_0041_0041.jpg 1 17 52 41 41
0616_0030_0063_0027_0027.jpg 1 30 63 27 27
0617_0007_0008_0048_0048.jpg 1 7 8 48 48
0618_0042_0023_0024_0024.jpg 1 42 23 24 24
0619_0034_0009_0046_0046.jpg 1 34 9 46 46
0620_0022_0043_0035_0035.jpg 1 22 43 35 35
0621_0025_0051_0038_0038.jpg 1 25 51 38 38
0622_0034_0016_0043_0043.jpg 1 34 16 43 43
0623_0051_0007_0036_0036.jpg 1 51 7 36 36
0624_0012_0025_0055_0055.jpg 1 12 25 55 55
0625_0028_0013_0045_0045.jpg 1 28 13 45 45
0626_0007_0007_0058_0058.jpg 1 7 7 58 58
0627_0034_0023_0041_0041.jpg 1 34 23 41 41
0628_0057_0043_0032_0032.jpg 1 57 43 32 32
0629_0030_0028_0059_0059.jpg 1 30 28 59 59
0630_0007_0034_0055_0055.jpg 1 7 34 55 55
0631_0032_0038_0045_0045.jpg 1 32 38 45 45
0632_0014_0039_0049_0049.jpg 1 14 39 49 49
0633_0013_0023_0046_0046.jpg 1 13 23 46 46
0634_0030_0010_0039_0039.jpg 1 30 10 39 39
0635_0065_0045_0027_0027.jpg 1 65 45 27 27
0636_0024_0028_0044_0044.jpg 1 24 28 44 44
0637_0051_0053_0030_0030.jpg 1 51 53 30 30
0638_0028_0013_0028_0028.jpg 1 28 13 28 28
0639_0032_0020_0046_0046.jpg 1 32 20 46 46
0640_0041_0041_0033_0033.jpg 1 41 41 33 33
0641_0009_0020_0046_0046.jpg 1 9 20 46 46
0642_0016_0026_0047_0047.jpg 1 16 26 47 47
0643_0023_0032_0052_0052.jpg 1 23 32 52 52
0644_0012_0020_0060_0060.jpg 1 12 20 60 60
0645_0026_0051_0038_0038.jpg 1 26 51 38 38
0646_0043_0017_0031_0031.jpg 1 43 17 31 31
0647_0005_0010_0063_0063.jpg 1 5 10 63 63
0648_0011_0030_0053_0053.jpg 1 11 30 53 53
0649_0015_0047_0042_0042.jpg 1 15 47 42 42
0650_0018_0017_0049_0049.jpg 1 18 17 49 49
0651_0046_0045_0026_0026.jpg 1 46 45 26 26
0652_0019_0039_0047_0047.jpg 1 19 39 47 47
0653_0033_0007_0036_0036.jpg 1 33 7 36 36
0654_0019_0028_0068_0068.jpg 1 19 28 68 68
0655_0055_0012_0032_0032.jpg 1 55 12 32 32
0656_0048_0027_0042_0042.jpg 1 48 27 42 42
0657_0025_0017_0032_0032.jpg 1 25 17 32 32
0658_0056_0023_0037_0037.jpg 1 56 23 37 37
0659_0047_0039_0046_0046.jpg 1 47 39 46 46
0660_0048_0014_0042_0042.jpg 1 48 14 42 42
0661_0027_0014_0068_0068.jpg 1 27 14 68 68
0662_0022_0019_0025_0025.jpg 1 22 19 25 25
0663_0011_0065_0027_0027.jpg 1 11 65 27 27
0664_0020_0013_0050_0050.jpg 1 20 13 50 50
0665_0013_0024_0063_0063.jpg 1 13 24 63 63
0666_0065_0015_0026_0026.jpg 1 65 15 26 26
0667_0053_0056_0025_0025.jpg 1 53 56 25 25
0668_0027_0014_0062_0062.jpg 1 27 14 62 62
0669_0026_0041_0043_0043.jpg 1 26 41 43 43
0670_0045_0015_0047_0047.jpg 1 45 15 47 47
0671_0028_0016_0031_0031.jpg 1 28 16 31 31
0672_0017_0033_0061_0061.jpg 1 17 33 61 61
0673_0043_0013_0042_0042.jpg 1 43 13 42 42
0674_0020_0006_0056_0056.jpg 1 20 6 56 56
0675_0013_0021_0064_0064.jpg 1 13 21 64 64
0676_0037_0028_0056_0056.jpg 1 37 28 56 56
0677_0027_0038_0054_0054.jpg 1 27 38 54 54
0678_0044_0032_0024_0024.jpg 1 44 32 24 24
0679_0040_0018_0029_0029.jpg 1 40 18 29 29
0680_0029_0034_0033_0033.jpg 1 29 34 33 33
0681_0013_0018_0066_0066.jpg 1 13 18 66 66
0682_0037_0014_0055_0055.jpg 1 37 14 55 55
0683_0055_0028_0032_0032.jpg 1 55 28 32 32
0684_0051_0026_0041_0041.jpg 1 51 26 41 41
0685_0004_0035_0059_0059.jpg 1 4 35 59 59
0686_0019_0028_0057_0057.jpg 1 19 28 57 57
0687_0015_0038_0054_0054.jpg 1 15 38 54 54
0688_0007_0027_0045_0045.jpg 1 7 27 45 45
0689_0026_0013_0046_0046.jpg 1 26 13 46 46
0690_0012_0022_0064_0064.jpg 1 12 22 64 64
0691_0032_0041_0033_0033.jpg 1 32 41 33 33
0692_0027_0020_0062_0062.jpg 1 27 20 62 62
0693_0004_0014_0063_0063.jpg 1 4 14 63 63
0694_0009_0052_0039_0039.jpg 1 9 52 39 39
0695_0008_0025_0047_0047.jpg 1 8 25 47 47
0696_0017_0012_0061_0061.jpg 1 17 12 61 61
0697_0037_0038_0033_0033.jpg 1 37 38 33 33
0698_0004_0035_0059_0059.jpg 1 4 35 59 59
0699_0013_0015_0030_0030.jpg 1 13 15 30 30
0700_0033_0039_0049_0049.jpg 1 33 39 49 49
0701_0011_0056_0026_0026.jpg 1 11 56 26 26
0702_0041_0047_0028_0028.jpg 1 41 47 28 28
0703_0021_0016_0044_0044.jpg 1 21 16 44 44
0704_0006_0029_0067_0067.jpg 1 6 29 67 67
0705_0055_0041_0034_0034.jpg 1 55 41 34 34
0706_0042_0034_0041_0041.jpg 1 42 34 41 41
0707_0040_0051_0039_0039.jpg 1 40 51 39 39
0708_0024_0040_0047_0047.jpg 1 24 40 47 47
0709_0019_0020_0047_0047.jpg 1 19 20 47 47
0710_0018_0016_0058_0058.jpg 1 18 16 58 58
0711_0032_0054_0035_0035.jpg 1 32 54 35 35
0712_0008_0040_0032_0032.jpg 1 8 40 32 32
0713_0029_0022_0057_0057.jpg 1 29 22 57 57
0714_0046_0054_0033_0033.jpg 1 46 54 33 33
0715_0009_0026_0026_0026.jpg 1 9 26 26 26
0716_0015_0050_0035_0035.jpg 1 15 50 35 35
0717_0006_0014_0044_0044.jpg 1 6 14 44 44
0718_0024_0008_0050_0050.jpg 1 24 8 50 50
0719_0029_0019_0059_0059.jpg 1 29 19 59 59
0720_0032_0051_0036_0036.jpg 1 32 51 36 36
0721_0006_0018_0067_0067.jpg 1 6 18 67 67
0722_0030_0047_0039_0039.jpg 1 30 47 39 39
0723_0035_0038_0054_0054.jpg 1 35 38 54 54
0724_0015_0003_0063_0063.jpg 1 15 3 63 63
0725_0018_0062_0027_0027.jpg 1 18 62 27 27
0726_0005_0041_0044_0044.jpg 1 5 41 44 44
0727_0012_0008_0064_0064.jpg 1 12 8 64 64
0728_0017_0014_0051_0051.jpg 1 17 14 51 51
0729_0012_0037_0029_0029.jpg 1 12 37 29 29
0730_0006_0020_0039_0039.jpg 1 6 20 39 39
0731_0034_0032_0048_0048.jpg 1 34 32 48 48
0732_0007_0009_0066_0066.jpg 1 7 9 66 66
0733_0033_0019_0054_0054.jpg 1 33 19 54 54
0734_0028_0011_0055_0055.jpg 1 28 11 55 55
0735_0016_0029_0043_0043.jpg 1 16 29 43 43
0736_0044_0009_0024_0024.jpg 1 44 9 24 24
0737_0031_0020_0047_0047.jpg 1 31 20 47 47
0738_0037_0046_0040_0040.jpg 1 37 46 40 40
0739_0019_0045_0027_0027.jpg 1 19 45 27 27
0740_0032_0010_0050_0050.jpg 1 32 10 50 50
0741_0035_0035_0047_0047.jpg 1 35 35 47 47
0742_0037_0049_0033_0033.jpg 1 37 49 33 33
0743_0028_0022_0041_0041.jpg 1 28 22 41 41
0744_0030_0011_0064_0064.jpg 1 30 11 64 64
0745_0026_0019_0043_0043.jpg 1 26 19 43 43
0746_0022_0060_0025_0025.jpg 1 22 60 25 25
0747_0030_0017_0057_0057.jpg 1 30 17 57 57
0748_0041_0015_0046_0046.jpg 1 41 15 46 46
0749_0024_0010_0065_0065.jpg 1 24 10 65 65
0750_0015_0046_0042_0042.jpg 1 15 46 42 42
0751_0039_0032_0054_0054.jpg 1 39 32 54 54
0752_0020_0053_0031_0031.jpg 1 20 53 31 31
0753_0028_0054_0034_0034.jpg 1 28 54 34 34
0754_0044_0028_0049_0049.jpg 1 44 28 49 49
0755_0021_0019_0067_0067.jpg 1 21 19 67 67
0756_0026_0026_0062_0062.jpg 1 26 26 62 62
0757_0037_0043_0034_0034.jpg 1 37 43 34 34
0758_0030_0032_0034_0034.jpg 1 30 32 34 34
0759_0029_0011_0037_0037.jpg 1 29 11 37 37
0760_0053_0024_0038_0038.jpg 1 53 24 38 38
0761_0010_0006_0035_0035.jpg 1 10 6 35 35
0762_0019_0038_0052_0052.jpg 1 19 38 52 52
0763_0018_0021_0036_0036.jpg 1 18 21 36 36
0764_0006_0040_0039_0039.jpg 1 6 40 39 39
0765_0027_0004_0063_0063.jpg 1 27 4 63 63
0766_0041_0032_0032_0032.jpg 1 41 32 32 32
0767_0041_0008_0035_0035.jpg 1 41 8 35 35
0768_0046_0018_0039_0039.jpg 1 46 18 39 39
0769_0004_0022_0065_0065.jpg 1 4 22 65 65
0770_0028_0026_0047_0047.jpg 1 28 26 47 47
0771_0036_0048_0033_0033.jpg 1 36 48 33 33
0772_0035_0051_0037_0037.jpg 1 35 51 37 37
0773_0055_0031_0034_0034.jpg 1 55 31 34 34
0774_0029_0029_0036_0036.jpg 1 29 29 36 36
0775_0012_0024_0051_0051.jpg 1 12 24 51 51
0776_0005_0028_0056_0056.jpg 1 5 28 56 56
0777_0033_0017_0052_0052.jpg 1 33 17 52 52
0778_0024_0027_0069_0069.jpg 1 24 27 69 69
0779_0042_0036_0038_0038.jpg 1 42 36 38 38
0780_0045_0046_0043_0043.jpg 1 45 46 43 43
0781_0015_0023_0058_0058.jpg 1 15 23 58 58
0782_0007_0056_0025_0025.jpg 1 7 56 25 25
0783_0031_0039_0043_0043.jpg 1 31 39 43 43
0784_0012_0033_0047_0047.jpg 1 12 33 47 47
0785_0018_0021_0064_0064.jpg 1 18 21 64 64
0786_0011_0034_0041_0041.jpg 1 11 34 41 41
0787_0044_0042_0033_0033.jpg 1 44 42 33 33
0788_0047_0010_0028_0028.jpg 1 47 10 28 28
0789_0014_0006_0066_0066.jpg 1 14 6 66 66
0790_0039_0036_0049_0049.jpg 1 39 36 49 49
0791_0008_0010_0063_0063.jpg 1 8 10 63 63
0792_0019_0049_0039_0039.jpg 1 19 49 39 39
0793_0045_0034_0031_0031.jpg 1 45 34 31 31
0794_0030_0023_0046_0046.jpg 1 30 23 46 46
0795_0019_0008_0046_0046.jpg 1 19 8 46 46
0796_0018_0037_0031_0031.jpg 1 18 37 31 31
0797_0020_0015_0035_0035.jpg 1 20 15 35 35
0798_0046_0017_0043_0043.jpg 1 46 17 43 43
0799_0011_0021_0069_0069.jpg 1 11 21 69 69
0800_0041_0054_0036_0036.jpg 1 41 54 36 36
0801_0013_0007_0069_0069.jpg 1 13 7 69 69
0802_0033_0015_0057_0057.jpg 1 33 15 57 57
0803_0016_0012_0062_0062.jpg 1 16 12 62 62
0804_0004_0011_0068_0068.jpg 1 4 11 68 68
0805_0013_0013_0036_0036.jpg 1 13 13 36 36
0806_0018_0005_0060_0060.jpg 1 18 5 60 60
0807_0026_0027_0025_0025.jpg 1 26 27 25 25
0808_0009_0006_0069_0069.jpg 1 9 6 69 69
0809_0023_0007_0066_0066.jpg 1 23 7 66 66
0810_0028_0027_0068_0068.jpg 1 28 27 68 68
0811_0020_0028_0067_0067.jpg 1 20 28 67 67
0812_0016_0005_0044_0044.jpg 1 16 5 44 44
0813_0044_0031_0050_0050.jpg 1 44 31 50 50
0814_0021_0036_0039_0039.jpg 1 21 36 39 39
0815_0019_0028_0032_0032.jpg 1 19 28 32 32
0816_0012_0024_0054_0054.jpg 1 12 24 54 54
0817_0032_0015_0049_0049.jpg 1 32 15 49 49
0818_0019_0028_0054_0054.jpg 1 19 28 54 54
0819_0029_0009_0047_0047.jpg 1 29 9 47 47
0820_0018_0016_0025_0025.jpg 1 18 16 25 25
0821_0030_0025_0058_0058.jpg 1 30 25 58 58
0822_0037_0024_0035_0035.jpg 1 37 24 35 35
0823_0008_0022_0055_0055.jpg 1 8 22 55 55
0824_0007_0004_0069_0069.jpg 1 7 4 69 69
0825_0009_0027_0046_0046.jpg 1 9 27 46 46
0826_0004_0027_0059_0059.jpg 1 4 27 59 59
0827_0041_0055_0037_0037.jpg 1 41 55 37 37
0828_0028_0004_0057_0057.jpg 1 28 4 57 57
0829_0023_0020_0043_0043.jpg 1 23 20 43 43
0830_0051_0021_0035_0035.jpg 1 51 21 35 35
0831_0034_0023_0059_0059.jpg 1 34 23 59 59
0832_0014_0023_0033_0033.jpg 1 14 23 33 33
0833_0045_0019_0042_0042.jpg 1 45 19 42 42
0834_0034_0005_0061_0061.jpg 1 34 5 61 61
0835_0033_0015_0028_0028.jpg 1 33 15 28 28
0836_0004_0018_0069_0069.jpg 1 4 18 69 69
0837_0032_0015_0037_0037.jpg 1 32 15 37 37
0838_0007_0015_0053_0053.jpg 1 7 15 53 53
0839_0020_0031_0060_0060.jpg 1 20 31 60 60
0840_0040_0052_0028_0028.jpg 1 40 52 28 28
0841_0019_0009_0067_0067.jpg 1 19 9 67 67
0842_0005_0018_0060_0060.jpg 1 5 18 60 60
0843_0009_0018_0056_0056.jpg 1 9 18 56 56
0844_0027_0026_0065_0065.jpg 1 27 26 65 65
0845_0059_0067_0024_0024.jpg 1 59 67 24 24
0846_0038_0009_0031_0031.jpg 1 38 9 31 31
0847_0046_0050_0025_0025.jpg 1 46 50 25 25
0848_0011_0021_0068_0068.jpg 1 11 21 68 68
0849_0033_0010_0062_0062.jpg 1 33 10 62 62
0850_0019_0030_0037_0037.jpg 1 19 30 37 37
0851_0026_0025_0069_0069.jpg 1 26 25 69 69
0852_0006_0009_0069_0069.jpg 1 6 9 69 69
0853_0052_0045_0039_0039.jpg 1 52 45 39 39
0854_0015_0060_0032_0032.jpg 1 15 60 32 32
0855_0031_0031_0064_0064.jpg 1 31 31 64 64
0856_0026_0006_0053_0053.jpg 1 26 6 53 53
0857_0018_0019_0062_0062.jpg 1 18 19 62 62
0858_0009_0026_0040_0040.jpg 1 9 26 40 40
0859_0004_0034_0061_0061.jpg 1 4 34 61 61
0860_0023_0018_0042_0042.jpg 1 23 18 42 42
0861_0025_0066_0024_0024.jpg 1 25 66 24 24
0862_0045_0016_0049_0049.jpg 1 45 16 49 49
0863_0007_0026_0056_0056.jpg 1 7 26 56 56
0864_0009_0031_0046_0046.jpg 1 9 31 46 46
0865_0023_0022_0057_0057.jpg 1 23 22 57 57
0866_0018_0019_0054_0054.jpg 1 18 19 54 54
0867_0028_0027_0027_0027.jpg 1 28 27 27 27
0868_0019_0006_0057_0057.jpg 1 19 6 57 57
0869_0011_0006_0063_0063.jpg 1 11 6 63 63
0870_0029_0040_0054_0054.jpg 1 29 40 54 54
0871_0015_0003_0068_0068.jpg 1 15 3 68 68
0872_0045_0049_0042_0042.jpg 1 45 49 42 42
0873_0033_0007_0036_0036.jpg 1 33 7 36 36
0874_0029_0021_0040_0040.jpg 1 29 21 40 40
0875_0034_0036_0058_0058.jpg 1 34 36 58 58
0876_0040_0040_0030_0030.jpg 1 40 40 30 30
0877_0008_0006_0054_0054.jpg 1 8 6 54 54
0878_0013_0044_0042_0042.jpg 1 13 44 42 42
0879_0035_0048_0027_0027.jpg 1 35 48 27 27
0880_0015_0016_0060_0060.jpg 1 15 16 60 60
0881_0036_0009_0040_0040.jpg 1 36 9 40 40
0882_0010_0053_0028_0028.jpg 1 10 53 28 28
0883_0021_0004_0058_0058.jpg 1 21 4 58 58
0884_0029_0034_0039_0039.jpg 1 29 34 39 39
0885_0009_0009_0037_0037.jpg 1 9 9 37 37
0886_0053_0026_0035_0035.jpg 1 53 26 35 35
0887_0022_0029_0049_0049.jpg 1 22 29 49 49
0888_0021_0009_0054_0054.jpg 1 21 9 54 54
0889_0004_0034_0061_0061.jpg 1 4 34 61 61
0890_0019_0026_0028_0028.jpg 1 19 26 28 28
0891_0058_0010_0030_0030.jpg 1 58 10 30 30
0892_0013_0029_0048_0048.jpg 1 13 29 48 48
0893_0012_0027_0052_0052.jpg 1 12 27 52 52
0894_0043_0007_0032_0032.jpg 1 43 7 32 32
0895_0017_0026_0065_0065.jpg 1 17 26 65 65
0896_0025_0006_0045_0045.jpg 1 25 6 45 45
0897_0033_0018_0050_0050.jpg 1 33 18 50 50
0898_0032_0014_0030_0030.jpg 1 32 14 30 30
0899_0025_0028_0065_0065.jpg 1 25 28 65 65
0900_0013_0042_0047_0047.jpg 1 13 42 47 47
0901_0024_0017_0051_0051.jpg 1 24 17 51 51
0902_0028_0032_0056_0056.jpg 1 28 32 56 56
0903_0034_0034_0055_0055.jpg 1 34 34 55 55
0904_0007_0047_0034_0034.jpg 1 7 47 34 34
0905_0033_0007_0049_0049.jpg 1 33 7 49 49
0906_0035_0014_0046_0046.jpg 1 35 14 46 46
0907_0042_0038_0030_0030.jpg 1 42 38 30 30
0908_0022_0027_0048_0048.jpg 1 22 27 48 48
0909_0059_0026_0029_0029.jpg 1 59 26 29 29
0910_0019_0023_0064_0064.jpg 1 19 23 64 64
0911_0023_0020_0044_0044.jpg 1 23 20 44 44
0912_0016_0042_0047_0047.jpg 1 16 42 47 47
0913_0033_0013_0056_0056.jpg 1 33 13 56 56
0914_0010_0013_0067_0067.jpg 1 10 13 67 67
0915_0030_0016_0065_0065.jpg 1 30 16 65 65
0916_0011_0024_0043_0043.jpg 1 11 24 43 43
0917_0020_0056_0033_0033.jpg 1 20 56 33 33
0918_0021_0022_0036_0036.jpg 1 21 22 36 36
0919_0007_0014_0062_0062.jpg 1 7 14 62 62
0920_0036_0030_0042_0042.jpg 1 36 30 42 42
0921_0058_0032_0025_0025.jpg 1 58 32 25 25
0922_0029_0008_0063_0063.jpg 1 29 8 63 63
0923_0011_0016_0041_0041.jpg 1 11 16 41 41
0924_0006_0013_0047_0047.jpg 1 6 13 47 47
0925_0010_0023_0063_0063.jpg 1 10 23 63 63
0926_0011_0007_0069_0069.jpg 1 11 7 69 69
0927_0042_0011_0045_0045.jpg 1 42 11 45 45
0928_0011_0040_0047_0047.jpg 1 11 40 47 47
0929_0023_0015_0050_0050.jpg 1 23 15 50 50
0930_0043_0062_0028_0028.jpg 1 43 62 28 28
0931_0019_0032_0054_0054.jpg 1 19 32 54 54
0932_0012_0013_0057_0057.jpg 1 12 13 57 57
0933_0032_0030_0029_0029.jpg 1 32 30 29 29
0934_0024_0023_0054_0054.jpg 1 24 23 54 54
0935_0024_0023_0025_0025.jpg 1 24 23 25 25
0936_0003_0017_0068_0068.jpg 1 3 17 68 68
0937_0018_0043_0040_0040.jpg 1 18 43 40 40
0938_0014_0060_0027_0027.jpg 1 14 60 27 27
0939_0027_0009_0069_0069.jpg 1 27 9 69 69
0940_0016_0045_0043_0043.jpg 1 16 45 43 43
0941_0036_0027_0025_0025.jpg 1 36 27 25 25
0942_0010_0020_0045_0045.jpg 1 10 20 45 45
0943_0010_0037_0034_0034.jpg 1 10 37 34 34
0944_0047_0019_0046_0046.jpg 1 47 19 46 46
0945_0034_0016_0047_0047.jpg 1 34 16 47 47
0946_0013_0036_0056_0056.jpg 1 13 36 56 56
0947_0041_0014_0050_0050.jpg 1 41 14 50 50
0948_0004_0042_0051_0051.jpg 1 4 42 51 51
0949_0029_0033_0057_0057.jpg 1 29 33 57 57
0950_0048_0034_0029_0029.jpg 1 48 34 29 29
0951_0028_0010_0060_0060.jpg 1 28 10 60 60
0952_0015_0033_0034_0034.jpg 1 15 33 34 34
0953_0017_0024_0028_0028.jpg 1 17 24 28 28
0954_0024_0034_0045_0045.jpg 1 24 34 45 45
0955_0014_0020_0053_0053.jpg 1 14 20 53 53
0956_0034_0016_0055_0055.jpg 1 34 16 55 55
0957_0034_0039_0039_0039.jpg 1 34 39 39 39
0958_0016_0019_0062_0062.jpg 1 16 19 62 62
0959_0038_0028_0047_0047.jpg 1 38 28 47 47
0960_0006_0010_0068_0068.jpg 1 6 10 68 68
0961_0006_0042_0038_0038.jpg 1 6 42 38 38
0962_0021_0035_0041_0041.jpg 1 21 35 41 41
0963_0043_0044_0046_0046.jpg 1 43 44 46 46
0964_0019_0022_0056_0056.jpg 1 19 22 56 56
0965_0023_0055_0025_0025.jpg 1 23 55 25 25
0966_0037_0044_0041_0041.jpg 1 37 44 41 41
0967_0035_0024_0030_0030.jpg 1 35 24 30 30
0968_0021_0016_0069_0069.jpg 1 21 16 69 69
0969_0024_0039_0039_0039.jpg 1 24 39 39 39
0970_0008_0006_0067_0067.jpg 1 8 6 67 67
0971_0031_0049_0044_0044.jpg 1 31 49 44 44
0972_0059_0053_0033_0033.jpg 1 59 53 33 33
0973_0026_0015_0069_0069.jpg 1 26 15 69 69
0974_0026_0040_0025_0025.jpg 1 26 40 25 25
0975_0013_0022_0049_0049.jpg 1 13 22 49 49
0976_0032_0010_0025_0025.jpg 1 32 10 25 25
0977_0026_0033_0040_0040.jpg 1 26 33 40 40
0978_0033_0013_0034_0034.jpg 1 33 13 34 34
0979_0006_0012_0062_0062.jpg 1 6 12 62 62
0980_0008_0031_0034_0034.jpg 1 8 31 34 34
0981_0035_0020_0044_0044.jpg 1 35 20 44 44
0982_0028_0027_0054_0054.jpg 1 28 27 54 54
0983_0005_0012_0050_0050.jpg 1 5 12 50 50
0984_0042_0017_0047_0047.jpg 1 42 17 47 47
0985_0010_0009_0053_0053.jpg 1 10 9 53 53
0986_0013_0019_0062_0062.jpg 1 13 19 62 62
0987_0008_0048_0025_0025.jpg 1 8 48 25 25
0988_0029_0016_0042_0042.jpg 1 29 16 42 42
0989_0020_0009_0054_0054.jpg 1 20 9 54 54
0990_0018_0036_0050_0050.jpg 1 18 36 50 50
0991_0007_0011_0030_0030.jpg 1 7 11 30 30
0992_0020_0036_0034_0034.jpg 1 20 36 34 34
0993_0028_0017_0043_0043.jpg 1 28 17 43 43
0994_0032_0029_0063_0063.jpg 1 32 29 63 63
0995_0045_0020_0045_0045.jpg 1 45 20 45 45
0996_0027_0029_0062_0062.jpg 1 27 29 62 62
0997_0006_0030_0066_0066.jpg 1 6 30 66 66
0998_0021_0021_0056_0056.jpg 1 21 21 56 56
0999_0017_0060_0029_0029.jpg 1 17 60 29 29
1000_0011_0040_0051_0051.jpg 1 11 40 51 51
1001_0022_0023_0027_0027.jpg 1 22 23 27 27
1002_0010_0017_0069_0069.jpg 1 10 17 69 69
1003_0011_0034_0050_0050.jpg 1 11 34 50 50
1004_0037_0046_0033_0033.jpg 1 37 46 33 33
1005_0024_0018_0050_0050.jpg 1 24 18 50 50
1006_0030_0007_0043_0043.jpg 1 30 7 43 43
1007_0023_0042_0047_0047.jpg 1 23 42 47 47
1008_0025_0013_0050_0050.jpg 1 25 13 50 50
1009_0009_0023_0064_0064.jpg 1 9 23 64 64
1010_0025_0043_0041_0041.jpg 1 25 43 41 41
1011_0008_0022_0061_0061.jpg 1 8 22 61 61
1012_0009_0010_0056_0056.jpg 1 9 10 56 56
1013_0009_0025_0067_0067.jpg 1 9 25 67 67
1014_0019_0021_0057_0057.jpg 1 19 21 57 57
1015_0032_0018_0037_0037.jpg 1 32 18 37 37
1016_0033_0008_0050_0050.jpg 1 33 8 50 50
1017_0057_0024_0034_0034.jpg 1 57 24 34 34
1018_0036_0020_0059_0059.jpg 1 36 20 59 59
1019_0007_0038_0055_0055.jpg 1 7 38 55 55
1020_0066_0015_0025_0025.jpg 1 66 15 25 25
1021_0049_0027_0043_0043.jpg 1 49 27 43 43
1022_0036_0048_0027_0027.jpg 1 36 48 27 27
1023_0012_0035_0045_0045.jpg 1 12 35 45 45
1024_0024_0040_0052_0052.jpg 1 24 40 52 52
1025_0009_0019_0047_0047.jpg 1 9 19 47 47
1026_0051_0024_0042_0042.jpg 1 51 24 42 42
1027_0009_0006_0057_0057.jpg 1 9 6 57 57
1028_0010_0025_0045_0045.jpg 1 10 25 45 45
1029_0012_0026_0044_0044.jpg 1 12 26 44 44
1030_0022_0016_0046_0046.jpg 1 22 16 46 46
1031_0062_0017_0027_0027.jpg 1 62 17 27 27
1032_0014_0057_0033_0033.jpg 1 14 57 33 33
1033_0010_0007_0031_0031.jpg 1 10 7 31 31
1034_0058_0008_0026_0026.jpg 1 58 8 26 26
1035_0020_0027_0047_0047.jpg 1 20 27 47 47
1036_0034_0026_0060_0060.jpg 1 34 26 60 60
1037_0017_0021_0043_0043.jpg 1 17 21 43 43
1038_0015_0029_0047_0047.jpg 1 15 29 47 47
1039_0028_0053_0034_0034.jpg 1 28 53 34 34
1040_0013_0010_0043_0043.jpg 1 13 10 43 43
1041_0011_0007_0054_0054.jpg 1 11 7 54 54
1042_0031_0046_0024_0024.jpg 1 31 46 24 24
1043_0033_0012_0052_0052.jpg 1 33 12 52 52
1044_0017_0019_0039_0039.jpg 1 17 19 39 39
1045_0020_0029_0064_0064.jpg 1 20 29 64 64
1046_0037_0050_0033_0033.jpg 1 37 50 33 33
1047_0066_0030_0024_0024.jpg 1 66 30 24 24
1048_0022_0008_0061_0061.jpg 1 22 8 61 61
1049_0039_0025_0046_0046.jpg 1 39 25 46 46
1050_0052_0026_0031_0031.jpg 1 52 26 31 31
1051_0008_0012_0055_0055.jpg 1 8 12 55 55
1052_0008_0010_0066_0066.jpg 1 8 10 66 66
1053_0022_0018_0036_0036.jpg 1 22 18 36 36
1054_0024_0060_0033_0033.jpg 1 24 60 33 33
1055_0040_0019_0051_0051.jpg 1 40 19 51 51
1056_0039_0031_0047_0047.jpg 1 39 31 47 47
1057_0007_0029_0031_0031.jpg 1 7 29 31 31
1058_0027_0032_0063_0063.jpg 1 27 32 63 63
1059_0018_0007_0040_0040.jpg 1 18 7 40 40
1060_0014_0019_0068_0068.jpg 1 14 19 68 68
1061_0039_0046_0032_0032.jpg 1 39 46 32 32
1062_0036_0036_0052_0052.jpg 1 36 36 52 52
1063_0035_0061_0029_0029.jpg 1 35 61 29 29
1064_0042_0053_0031_0031.jpg 1 42 53 31 31
1065_0055_0027_0035_0035.jpg 1 55 27 35 35
1066_0011_0007_0069_0069.jpg 1 11 7 69 69
1067_0048_0020_0040_0040.jpg 1 48 20 40 40
1068_0053_0008_0039_0039.jpg 1 53 8 39 39
1069_0033_0061_0031_0031.jpg 1 33 61 31 31
1070_0053_0053_0030_0030.jpg 1 53 53 30 30
1071_0030_0018_0061_0061.jpg 1 30 18 61 61
1072_0011_0027_0067_0067.jpg 1 11 27 67 67
1073_0033_0017_0039_0039.jpg 1 33 17 39 39
1074_0024_0012_0069_0069.jpg 1 24 12 69 69
1075_0032_0007_0040_0040.jpg 1 32 7 40 40
1076_0015_0006_0047_0047.jpg 1 15 6 47 47
1077_0031_0034_0061_0061.jpg 1 31 34 61 61
1078_0014_0011_0068_0068.jpg 1 14 11 68 68
1079_0004_0019_0065_0065.jpg 1 4 19 65 65
1080_0022_0033_0049_0049.jpg 1 22 33 49 49
1081_0054_0066_0025_0025.jpg 1 54 66 25 25
1082_0012_0026_0063_0063.jpg 1 12 26 63 63
1083_0050_0034_0030_0030.jpg 1 50 34 30 30
1084_0007_0043_0044_0044.jpg 1 7 43 44 44
1085_0025_0032_0060_0060.jpg 1 25 32 60 60
1086_0012_0016_0061_0061.jpg 1 12 16 61 61
1087_0040_0008_0053_0053.jpg 1 40 8 53 53
1088_0008_0051_0036_0036.jpg 1 8 51 36 36
1089_0031_0068_0024_0024.jpg 1 31 68 24 24
1090_0054_0027_0027_0027.jpg 1 54 27 27 27
1091_0045_0015_0046_0046.jpg 1 45 15 46 46
1092_0027_0024_0054_0054.jpg 1 27 24 54 54
1093_0024_0011_0057_0057.jpg 1 24 11 57 57
1094_0009_0028_0067_0067.jpg 1 9 28 67 67
1095_0030_0019_0040_0040.jpg 1 30 19 40 40
1096_0021_0031_0061_0061.jpg 1 21 31 61 61
1097_0005_0028_0066_0066.jpg 1 5 28 66 66
1098_0008_0034_0054_0054.jpg 1 8 34 54 54
1099_0026_0010_0033_0033.jpg 1 26 10 33 33
1100_0041_0058_0032_0032.jpg 1 41 58 32 32
1101_0019_0042_0040_0040.jpg 1 19 42 40 40
1102_0045_0038_0032_0032.jpg 1 45 38 32 32
1103_0026_0034_0040_0040.jpg 1 26 34 40 40
1104_0042_0043_0047_0047.jpg 1 42 43 47 47
1105_0026_0032_0047_0047.jpg 1 26 32 47 47
1106_0021_0049_0032_0032.jpg 1 21 49 32 32
1107_0021_0012_0031_0031.jpg 1 21 12 31 31
1108_0008_0031_0051_0051.jpg 1 8 31 51 51
1109_0021_0030_0042_0042.jpg 1 21 30 42 42
1110_0018_0026_0062_0062.jpg 1 18 26 62 62
1111_0031_0055_0024_0024.jpg 1 31 55 24 24
1112_0016_0060_0033_0033.jpg 1 16 60 33 33
1113_0010_0021_0046_0046.jpg 1 10 21 46 46
1114_0030_0022_0057_0057.jpg 1 30 22 57 57
1115_0047_0047_0032_0032.jpg 1 47 47 32 32
1116_0015_0006_0068_0068.jpg 1 15 6 68 68
1117_0013_0040_0050_0050.jpg 1 13 40 50 50
1118_0028_0027_0058_0058.jpg 1 28 27 58 58
1119_0038_0034_0056_0056.jpg 1 38 34 56 56
1120_0014_0055_0034_0034.jpg 1 14 55 34 34
1121_0019_0025_0054_0054.jpg 1 19 25 54 54
1122_0015_0008_0066_0066.jpg 1 15 8 66 66
1123_0051_0041_0034_0034.jpg 1 51 41 34 34
1124_0019_0016_0067_0067.jpg 1 19 16 67 67
1125_0014_0020_0057_0057.jpg 1 14 20 57 57
1126_0054_0023_0039_0039.jpg 1 54 23 39 39
1127_0022_0008_0064_0064.jpg 1 22 8 64 64
1128_0041_0015_0047_0047.jpg 1 41 15 47 47
1129_0025_0004_0060_0060.jpg 1 25 4 60 60
1130_0020_0020_0066_0066.jpg 1 20 20 66 66
1131_0033_0049_0033_0033.jpg 1 33 49 33 33
1132_0032_0028_0056_0056.jpg 1 32 28 56 56
1133_0035_0009_0054_0054.jpg 1 35 9 54 54
1134_0019_0029_0046_0046.jpg 1 19 29 46 46
1135_0023_0009_0068_0068.jpg 1 23 9 68 68
1136_0038_0019_0045_0045.jpg 1 38 19 45 45
1137_0008_0029_0059_0059.jpg 1 8 29 59 59
1138_0006_0030_0043_0043.jpg 1 6 30 43 43
1139_0037_0029_0028_0028.jpg 1 37 29 28 28
1140_0022_0016_0066_0066.jpg 1 22 16 66 66
1141_0011_0010_0033_0033.jpg 1 11 10 33 33
1142_0007_0034_0055_0055.jpg 1 7 34 55 55
1143_0036_0007_0046_0046.jpg 1 36 7 46 46
1144_0050_0022_0027_0027.jpg 1 50 22 27 27
1145_0049_0009_0044_0044.jpg 1 49 9 44 44
1146_0031_0018_0052_0052.jpg 1 31 18 52 52
1147_0023_0030_0065_0065.jpg 1 23 30 65 65
1148_0015_0015_0061_0061.jpg 1 15 15 61 61
1149_0011_0044_0036_0036.jpg 1 11 44 36 36
1150_0006_0019_0064_0064.jpg 1 6 19 64 64
1151_0019_0021_0066_0066.jpg 1 19 21 66 66
1152_0005_0035_0060_0060.jpg 1 5 35 60 60
1153_0012_0026_0056_0056.jpg 1 12 26 56 56
1154_0014_0021_0036_0036.jpg 1 14 21 36 36
1155_0028_0015_0054_0054.jpg 1 28 15 54 54
1156_0025_0043_0031_0031.jpg 1 25 43 31 31
1157_0033_0034_0059_0059.jpg 1 33 34 59 59
1158_0026_0035_0052_0052.jpg 1 26 35 52 52
1159_0020_0020_0062_0062.jpg 1 20 20 62 62
1160_0020_0011_0053_0053.jpg 1 20 11 53 53
1161_0041_0015_0046_0046.jpg 1 41 15 46 46
1162_0016_0019_0054_0054.jpg 1 16 19 54 54
1163_0047_0026_0044_0044.jpg 1 47 26 44 44
1164_0029_0030_0035_0035.jpg 1 29 30 35 35
1165_0018_0026_0053_0053.jpg 1 18 26 53 53
1166_0005_0016_0066_0066.jpg 1 5 16 66 66
1167_0023_0017_0060_0060.jpg 1 23 17 60 60
1168_0055_0025_0033_0033.jpg 1 55 25 33 33
1169_0027_0007_0058_0058.jpg 1 27 7 58 58
1170_0025_0021_0051_0051.jpg 1 25 21 51 51
1171_0008_0049_0038_0038.jpg 1 8 49 38 38
1172_0003_0021_0063_0063.jpg 1 3 21 63 63
1173_0013_0005_0064_0064.jpg 1 13 5 64 64
1174_0039_0020_0041_0041.jpg 1 39 20 41 41
1175_0035_0019_0043_0043.jpg 1 35 19 43 43
1176_0006_0034_0048_0048.jpg 1 6 34 48 48
1177_0027_0033_0047_0047.jpg 1 27 33 47 47
1178_0028_0050_0042_0042.jpg 1 28 50 42 42
1179_0019_0010_0043_0043.jpg 1 19 10 43 43
1180_0039_0041_0041_0041.jpg 1 39 41 41 41
1181_0028_0046_0045_0045.jpg 1 28 46 45 45
1182_0056_0050_0027_0027.jpg 1 56 50 27 27
1183_0031_0027_0040_0040.jpg 1 31 27 40 40
1184_0040_0022_0036_0036.jpg 1 40 22 36 36
1185_0005_0025_0059_0059.jpg 1 5 25 59 59
1186_0011_0012_0069_0069.jpg 1 11 12 69 69
1187_0004_0006_0066_0066.jpg 1 4 6 66 66
1188_0029_0015_0055_0055.jpg 1 29 15 55 55
1189_0030_0008_0045_0045.jpg 1 30 8 45 45
1190_0016_0040_0055_0055.jpg 1 16 40 55 55
1191_0054_0028_0037_0037.jpg 1 54 28 37 37
1192_0011_0044_0049_0049.jpg 1 11 44 49 49
1193_0035_0006_0051_0051.jpg 1 35 6 51 51
1194_0025_0032_0056_0056.jpg 1 25 32 56 56
1195_0030_0013_0024_0024.jpg 1 30 13 24 24
1196_0031_0035_0031_0031.jpg 1 31 35 31 31
1197_0029_0019_0067_0067.jpg 1 29 19 67 67
1198_0026_0011_0040_0040.jpg 1 26 11 40 40
1199_0019_0006_0065_0065.jpg 1 19 6 65 65
1200_0020_0023_0026_0026.jpg 1 20 23 26 26
1201_0024_0016_0026_0026.jpg 1 24 16 26 26
1202_0014_0011_0048_0048.jpg 1 14 11 48 48
1203_0016_0018_0065_0065.jpg 1 16 18 65 65
1204_0032_0014_0060_0060.jpg 1 32 14 60 60
1205_0020_0008_0024_0024.jpg 1 20 8 24 24
1206_0028_0033_0059_0059.jpg 1 28 33 59 59
1207_0027_0018_0067_0067.jpg 1 27 18 67 67
1208_0027_0018_0068_0068.jpg 1 27 18 68 68
1209_0052_0034_0037_0037.jpg 1 52 34 37 37
1210_0018_0006_0067_0067.jpg 1 18 6 67 67
1211_0011_0009_0062_0062.jpg 1 11 9 62 62
1212_0030_0040_0024_0024.jpg 1 30 40 24 24
1213_0024_0035_0059_0059.jpg 1 24 35 59 59
1214_0027_0058_0033_0033.jpg 1 27 58 33 33
1215_0031_0019_0031_0031.jpg 1 31 19 31 31
1216_0062_0014_0026_0026.jpg 1 62 14 26 26
1217_0049_0009_0045_0045.jpg 1 49 9 45 45
1218_0015_0008_0064_0064.jpg 1 15 8 64 64
1219_0043_0013_0029_0029.jpg 1 43 13 29 29
1220_0021_0023_0063_0063.jpg 1 21 23 63 63
1221_0026_0025_0043_0043.jpg 1 26 25 43 43
1222_0041_0037_0041_0041.jpg 1 41 37 41 41
1223_0029_0043_0041_0041.jpg 1 29 43 41 41
1224_0006_0035_0051_0051.jpg 1 6 35 51 51
1225_0028_0035_0057_0057.jpg 1 28 35 57 57
1226_0026_0019_0067_0067.jpg 1 26 19 67 67
1227_0035_0045_0026_0026.jpg 1 35 45 26 26
1228_0026_0006_0062_0062.jpg 1 26 6 62 62
1229_0055_0047_0031_0031.jpg 1 55 47 31 31
1230_0034_0010_0052_0052.jpg 1 34 10 52 52
1231_0021_0016_0043_0043.jpg 1 21 16 43 43
1232_0036_0019_0041_0041.jpg 1 36 19 41 41
1233_0013_0025_0037_0037.jpg 1 13 25 37 37
1234_0036_0031_0030_0030.jpg 1 36 31 30 30
1235_0014_0012_0068_0068.jpg 1 14 12 68 68
1236_0026_0060_0026_0026.jpg 1 26 60 26 26
1237_0056_0027_0033_0033.jpg 1 56 27 33 33
1238_0026_0016_0057_0057.jpg 1 26 16 57 57
1239_0015_0051_0030_0030.jpg 1 15 51 30 30
1240_0021_0009_0057_0057.jpg 1 21 9 57 57
1241_0022_0017_0043_0043.jpg 1 22 17 43 43
1242_0029_0036_0027_0027.jpg 1 29 36 27 27
1243_0015_0016_0036_0036.jpg 1 15 16 36 36
1244_0024_0063_0027_0027.jpg 1 24 63 27 27
1245_0023_0012_0060_0060.jpg 1 23 12 60 60
1246_0014_0007_0027_0027.jpg 1 14 7 27 27
1247_0050_0050_0043_0043.jpg 1 50 50 43 43
1248_0036_0033_0047_0047.jpg 1 36 33 47 47
1249_0019_0028_0041_0041.jpg 1 19 28 41 41
1250_0026_0015_0064_0064.jpg 1 26 15 64 64
1251_0014_0019_0040_0040.jpg 1 14 19 40 40
1252_0008_0067_0025_0025.jpg 1 8 67 25 25
1253_0046_0029_0036_0036.jpg 1 46 29 36 36
1254_0014_0028_0049_0049.jpg 1 14 28 49 49
1255_0050_0040_0034_0034.jpg 1 50 40 34 34
1256_0060_0056_0030_0030.jpg 1 60 56 30 30
1257_0036_0018_0046_0046.jpg 1 36 18 46 46
1258_0037_0035_0032_0032.jpg 1 37 35 32 32
1259_0038_0007_0053_0053.jpg 1 38 7 53 53
1260_0015_0021_0052_0052.jpg 1 15 21 52 52
1261_0009_0014_0065_0065.jpg 1 9 14 65 65
1262_0024_0018_0051_0051.jpg 1 24 18 51 51
1263_0031_0043_0045_0045.jpg 1 31 43 45 45
1264_0008_0032_0048_0048.jpg 1 8 32 48 48
1265_0031_0024_0026_0026.jpg 1 31 24 26 26
1266_0052_0009_0034_0034.jpg 1 52 9 34 34
1267_0030_0017_0053_0053.jpg 1 30 17 53 53
1268_0019_0038_0024_0024.jpg 1 19 38 24 24
1269_0045_0047_0027_0027.jpg 1 45 47 27 27
1270_0054_0030_0028_0028.jpg 1 54 30 28 28
1271_0008_0062_0030_0030.jpg 1 8 62 30 30
1272_0036_0042_0030_0030.jpg 1 36 42 30 30
1273_0005_0015_0046_0046.jpg 1 5 15 46 46
1274_0016_0037_0054_0054.jpg 1 16 37 54 54
1275_0028_0006_0061_0061.jpg 1 28 6 61 61
1276_0014_0010_0065_0065.jpg 1 14 10 65 65
1277_0041_0027_0031_0031.jpg 1 41 27 31 31
1278_0023_0026_0051_0051.jpg 1 23 26 51 51
1279_0050_0042_0036_0036.jpg 1 50 42 36 36
1280_0004_0007_0068_0068.jpg 1 4 7 68 68
1281_0010_0021_0031_0031.jpg 1 10 21 31 31
1282_0033_0030_0060_0060.jpg 1 33 30 60 60
1283_0014_0024_0057_0057.jpg 1 14 24 57 57
1284_0037_0023_0051_0051.jpg 1 37 23 51 51
1285_0032_0030_0050_0050.jpg 1 32 30 50 50
1286_0018_0032_0028_0028.jpg 1 18 32 28 28
1287_0022_0029_0065_0065.jpg 1 22 29 65 65
1288_0039_0026_0048_0048.jpg 1 39 26 48 48
1289_0006_0037_0046_0046.jpg 1 6 37 46 46
1290_0011_0022_0039_0039.jpg 1 11 22 39 39
1291_0012_0014_0066_0066.jpg 1 12 14 66 66
1292_0031_0025_0063_0063.jpg 1 31 25 63 63
1293_0010_0005_0059_0059.jpg 1 10 5 59 59
1294_0012_0032_0029_0029.jpg 1 12 32 29 29
1295_0063_0059_0029_0029.jpg 1 63 59 29 29
1296_0016_0021_0064_0064.jpg 1 16 21 64 64
1297_0009_0011_0069_0069.jpg 1 9 11 69 69
1298_0028_0030_0054_0054.jpg 1 28 30 54 54
1299_0059_0036_0024_0024.jpg 1 59 36 24 24
1300_0034_0033_0024_0024.jpg 1 34 33 24 24
1301_0034_0027_0034_0034.jpg 1 34 27 34 34
1302_0026_0029_0059_0059.jpg 1 26 29 59 59
1303_0021_0015_0025_0025.jpg 1 21 15 25 25
1304_0042_0013_0051_0051.jpg 1 42 13 51 51
1305_0009_0064_0028_0028.jpg 1 9 64 28 28
1306_0037_0006_0051_0051.jpg 1 37 6 51 51
1307_0032_0038_0051_0051.jpg 1 32 38 51 51
1308_0020_0022_0065_0065.jpg 1 20 22 65 65
1309_0043_0038_0045_0045.jpg 1 43 38 45 45
1310_0039_0019_0052_0052.jpg 1 39 19 52 52
1311_0026_0015_0060_0060.jpg 1 26 15 60 60
1312_0026_0031_0061_0061.jpg 1 26 31 61 61
1313_0030_0050_0041_0041.jpg 1 30 50 41 41
1314_0015_0012_0046_0046.jpg 1 15 12 46 46
1315_0039_0006_0040_0040.jpg 1 39 6 40 40
1316_0031_0014_0065_0065.jpg 1 31 14 65 65
1317_0011_0014_0069_0069.jpg 1 11 14 69 69
1318_0005_0003_0062_0062.jpg 1 5 3 62 62
1319_0031_0032_0049_0049.jpg 1 31 32 49 49
1320_0039_0057_0030_0030.jpg 1 39 57 30 30
1321_0044_0039_0040_0040.jpg 1 44 39 40 40
1322_0054_0044_0035_0035.jpg 1 54 44 35 35
1323_0014_0018_0069_0069.jpg 1 14 18 69 69
1324_0020_0011_0066_0066.jpg 1 20 11 66 66
1325_0051_0017_0042_0042.jpg 1 51 17 42 42
1326_0062_0017_0027_0027.jpg 1 62 17 27 27
1327_0013_0022_0048_0048.jpg 1 13 22 48 48
1328_0026_0016_0060_0060.jpg 1 26 16 60 60
1329_0036_0005_0054_0054.jpg 1 36 5 54 54
1330_0022_0013_0039_0039.jpg 1 22 13 39 39
1331_0040_0045_0032_0032.jpg 1 40 45 32 32
1332_0050_0045_0043_0043.jpg 1 50 45 43 43
1333_0044_0055_0037_0037.jpg 1 44 55 37 37
1334_0032_0013_0049_0049.jpg 1 32 13 49 49
1335_0014_0008_0067_0067.jpg 1 14 8 67 67
1336_0038_0014_0045_0045.jpg 1 38 14 45 45
1337_0021_0003_0064_0064.jpg 1 21 3 64 64
1338_0015_0026_0056_0056.jpg 1 15 26 56 56
1339_0027_0022_0056_0056.jpg 1 27 22 56 56
1340_0044_0025_0041_0041.jpg 1 44 25 41 41
1341_0029_0049_0038_0038.jpg 1 29 49 38 38
1342_0022_0007_0069_0069.jpg 1 22 7 69 69
1343_0019_0062_0028_0028.jpg 1 19 62 28 28
1344_0041_0006_0041_0041.jpg 1 41 6 41 41
1345_0034_0004_0054_0054.jpg 1 34 4 54 54
1346_0007_0008_0062_0062.jpg 1 7 8 62 62
1347_0006_0033_0040_0040.jpg 1 6 33 40 40
1348_0026_0054_0036_0036.jpg 1 26 54 36 36
1349_0059_0032_0028_0028.jpg 1 59 32 28 28
1350_0014_0041_0053_0053.jpg 1 14 41 53 53
1351_0030_0049_0036_0036.jpg 1 30 49 36 36
1352_0012_0019_0039_0039.jpg 1 12 19 39 39
1353_0011_0027_0056_0056.jpg 1 11 27 56 56
1354_0017_0018_0059_0059.jpg 1 17 18 59 59
1355_0027_0022_0067_0067.jpg 1 27 22 67 67
1356_0026_0022_0031_0031.jpg 1 26 22 31 31
1357_0040_0026_0041_0041.jpg 1 40 26 41 41
1358_0028_0018_0039_0039.jpg 1 28 18 39 39
1359_0034_0015_0059_0059.jpg 1 34 15 59 59
1360_0033_0012_0052_0052.jpg 1 33 12 52 52
1361_0018_0033_0056_0056.jpg 1 18 33 56 56
1362_0024_0013_0027_0027.jpg 1 24 13 27 27
1363_0039_0009_0037_0037.jpg 1 39 9 37 37
1364_0032_0008_0052_0052.jpg 1 32 8 52 52
1365_0017_0031_0063_0063.jpg 1 17 31 63 63
1366_0014_0027_0040_0040.jpg 1 14 27 40 40
1367_0009_0008_0069_0069.jpg 1 9 8 69 69
1368_0055_0053_0027_0027.jpg 1 55 53 27 27
1369_0046_0040_0043_0043.jpg 1 46 40 43 43
1370_0009_0016_0062_0062.jpg 1 9 16 62 62
1371_0022_0006_0036_0036.jpg 1 22 6 36 36
1372_0038_0029_0057_0057.jpg 1 38 29 57 57
1373_0038_0018_0038_0038.jpg 1 38 18 38 38
1374_0027_0034_0050_0050.jpg 1 27 34 50 50
1375_0009_0028_0038_0038.jpg 1 9 28 38 38
1376_0009_0056_0026_0026.jpg 1 9 56 26 26
1377_0009_0040_0052_0052.jpg 1 9 40 52 52
1378_0004_0022_0055_0055.jpg 1 4 22 55 55
1379_0031_0010_0062_0062.jpg 1 31 10 62 62
1380_0062_0027_0029_0029.jpg 1 62 27 29 29
1381_0029_0005_0048_0048.jpg 1 29 5 48 48
1382_0015_0012_0041_0041.jpg 1 15 12 41 41
1383_0050_0030_0030_0030.jpg 1 50 30 30 30
1384_0024_0044_0045_0045.jpg 1 24 44 45 45
1385_0031_0011_0029_0029.jpg 1 31 11 29 29
1386_0005_0012_0059_0059.jpg 1 5 12 59 59
1387_0014_0021_0065_0065.jpg 1 14 21 65 65
1388_0027_0028_0068_0068.jpg 1 27 28 68 68
1389_0036_0011_0038_0038.jpg 1 36 11 38 38
1390_0007_0019_0056_0056.jpg 1 7 19 56 56
1391_0024_0020_0068_0068.jpg 1 24 20 68 68
1392_0020_0014_0057_0057.jpg 1 20 14 57 57
1393_0005_0012_0057_0057.jpg 1 5 12 57 57
1394_0035_0014_0059_0059.jpg 1 35 14 59 59
1395_0034_0028_0043_0043.jpg 1 34 28 43 43
1396_0019_0011_0067_0067.jpg 1 19 11 67 67
1397_0042_0035_0048_0048.jpg 1 42 35 48 48
1398_0019_0007_0069_0069.jpg 1 19 7 69 69
1399_0030_0011_0035_0035.jpg 1 30 11 35 35
1400_0006_0010_0060_0060.jpg 1 6 10 60 60
1401_0010_0042_0040_0040.jpg 1 10 42 40 40
1402_0028_0007_0065_0065.jpg 1 28 7 65 65
1403_0020_0021_0042_0042.jpg 1 20 21 42 42
1404_0007_0048_0037_0037.jpg 1 7 48 37 37
1405_0038_0027_0027_0027.jpg 1 38 27 27 27
1406_0040_0045_0034_0034.jpg 1 40 45 34 34
1407_0042_0040_0048_0048.jpg 1 42 40 48 48
1408_0032_0035_0031_0031.jpg 1 32 35 31 31
1409_0022_0010_0063_0063.jpg 1 22 10 63 63
1410_0012_0030_0066_0066.jpg 1 12 30 66 66
1411_0006_0029_0065_0065.jpg 1 6 29 65 65
1412_0025_0034_0059_0059.jpg 1 25 34 59 59
1413_0019_0023_0063_0063.jpg 1 19 23 63 63
1414_0011_0008_0066_0066.jpg 1 11 8 66 66
1415_0019_0024_0038_0038.jpg 1 19 24 38 38
1416_0014_0030_0064_0064.jpg 1 14 30 64 64
1417_0040_0033_0033_0033.jpg 1 40 33 33 33
1418_0018_0055_0028_0028.jpg 1 18 55 28 28
1419_0018_0012_0068_0068.jpg 1 18 12 68 68
1420_0019_0027_0053_0053.jpg 1 19 27 53 53
1421_0029_0027_0061_0061.jpg 1 29 27 61 61
1422_0021_0033_0028_0028.jpg 1 21 33 28 28
1423_0035_0026_0034_0034.jpg 1 35 26 34 34
1424_0043_0046_0044_0044.jpg 1 43 46 44 44
1425_0052_0043_0039_0039.jpg 1 52 43 39 39
1426_0047_0032_0035_0035.jpg 1 47 32 35 35
1427_0011_0004_0055_0055.jpg 1 11 4 55 55
1428_0022_0029_0058_0058.jpg 1 22 29 58 58
1429_0007_0026_0067_0067.jpg 1 7 26 67 67
1430_0029_0016_0040_0040.jpg 1 29 16 40 40
1431_0023_0029_0063_0063.jpg 1 23 29 63 63
1432_0013_0020_0069_0069.jpg 1 13 20 69 69
1433_0023_0029_0036_0036.jpg 1 23 29 36 36
1434_0034_0023_0056_0056.jpg 1 34 23 56 56
1435_0024_0032_0033_0033.jpg 1 24 32 33 33
1436_0043_0005_0044_0044.jpg 1 43 5 44 44
1437_0024_0040_0034_0034.jpg 1 24 40 34 34
1438_0018_0033_0061_0061.jpg 1 18 33 61 61
1439_0016_0007_0063_0063.jpg 1 16 7 63 63
1440_0063_0027_0029_0029.jpg 1 63 27 29 29
1441_0015_0011_0069_0069.jpg 1 15 11 69 69
1442_0030_0021_0040_0040.jpg 1 30 21 40 40
1443_0013_0031_0054_0054.jpg 1 13 31 54 54
1444_0018_0037_0050_0050.jpg 1 18 37 50 50
1445_0036_0036_0057_0057.jpg 1 36 36 57 57
1446_0008_0057_0027_0027.jpg 1 8 57 27 27
1447_0020_0023_0065_0065.jpg 1 20 23 65 65
1448_0026_0021_0067_0067.jpg 1 26 21 67 67
1449_0043_0018_0051_0051.jpg 1 43 18 51 51
1450_0016_0041_0052_0052.jpg 1 16 41 52 52
1451_0013_0054_0035_0035.jpg 1 13 54 35 35
1452_0027_0019_0051_0051.jpg 1 27 19 51 51
1453_0026_0041_0047_0047.jpg 1 26 41 47 47
1454_0023_0007_0040_0040.jpg 1 23 7 40 40
1455_0033_0021_0054_0054.jpg 1 33 21 54 54
1456_0048_0021_0032_0032.jpg 1 48 21 32 32
1457_0023_0054_0030_0030.jpg 1 23 54 30 30
1458_0014_0025_0041_0041.jpg 1 14 25 41 41
1459_0010_0037_0033_0033.jpg 1 10 37 33 33
1460_0027_0035_0043_0043.jpg 1 27 35 43 43
1461_0021_0035_0055_0055.jpg 1 21 35 55 55
1462_0013_0017_0038_0038.jpg 1 13 17 38 38
1463_0017_0017_0066_0066.jpg 1 17 17 66 66
1464_0056_0038_0025_0025.jpg 1 56 38 25 25
1465_0031_0015_0059_0059.jpg 1 31 15 59 59
1466_0033_0025_0030_0030.jpg 1 33 25 30 30
1467_0006_0018_0059_0059.jpg 1 6 18 59 59
1468_0020_0023_0048_0048.jpg 1 20 23 48 48
1469_0015_0036_0041_0041.jpg 1 15 36 41 41
1470_0031_0010_0032_0032.jpg 1 31 10 32 32
1471_0019_0018_0043_0043.jpg 1 19 18 43 43
1472_0035_0036_0033_0033.jpg 1 35 36 33 33
1473_0038_0033_0052_0052.jpg 1 38 33 52 52
1474_0030_0010_0065_0065.jpg 1 30 10 65 65
1475_0006_0036_0034_0034.jpg 1 6 36 34 34
1476_0028_0011_0067_0067.jpg 1 28 11 67 67
1477_0035_0012_0058_0058.jpg 1 35 12 58 58
1478_0027_0033_0059_0059.jpg 1 27 33 59 59
1479_0014_0013_0068_0068.jpg 1 14 13 68 68
1480_0060_0028_0025_0025.jpg 1 60 28 25 25
1481_0022_0008_0064_0064.jpg 1 22 8 64 64
1482_0049_0026_0032_0032.jpg 1 49 26 32 32
1483_0023_0011_0064_0064.jpg 1 23 11 64 64
1484_0030_0036_0031_0031.jpg 1 30 36 31 31
1485_0058_0060_0024_0024.jpg 1 58 60 24 24
1486_0047_0051_0038_0038.jpg 1 47 51 38 38
1487_0015_0048_0041_0041.jpg 1 15 48 41 41
1488_0014_0038_0036_0036.jpg 1 14 38 36 36
1489_0012_0037_0058_0058.jpg 1 12 37 58 58
1490_0040_0053_0025_0025.jpg 1 40 53 25 25
1491_0059_0018_0027_0027.jpg 1 59 18 27 27
1492_0021_0019_0037_0037.jpg 1 21 19 37 37
1493_0051_0012_0041_0041.jpg 1 51 12 41 41
1494_0005_0039_0055_0055.jpg 1 5 39 55 55
1495_0035_0005_0049_0049.jpg 1 35 5 49 49
1496_0014_0051_0035_0035.jpg 1 14 51 35 35
1497_0036_0045_0046_0046.jpg 1 36 45 46 46
1498_0018_0023_0026_0026.jpg 1 18 23 26 26
1499_0014_0016_0034_0034.jpg 1 14 16 34 34
1500_0017_0014_0066_0066.jpg 1 17 14 66 66
1501_0024_0054_0029_0029.jpg 1 24 54 29 29
1502_0007_0052_0034_0034.jpg 1 7 52 34 34
1503_0015_0018_0039_0039.jpg 1 15 18 39 39
1504_0004_0014_0063_0063.jpg 1 4 14 63 63
1505_0051_0052_0041_0041.jpg 1 51 52 41 41
1506_0010_0028_0041_0041.jpg 1 10 28 41 41
1507_0006_0020_0055_0055.jpg 1 6 20 55 55
1508_0032_0039_0032_0032.jpg 1 32 39 32 32
1509_0036_0009_0047_0047.jpg 1 36 9 47 47
1510_0031_0005_0061_0061.jpg 1 31 5 61 61
1511_0021_0021_0054_0054.jpg 1 21 21 54 54
1512_0018_0013_0046_0046.jpg 1 18 13 46 46
1513_0033_0018_0055_0055.jpg 1 33 18 55 55
1514_0007_0032_0054_0054.jpg 1 7 32 54 54
1515_0029_0014_0067_0067.jpg 1 29 14 67 67
1516_0034_0015_0057_0057.jpg 1 34 15 57 57
1517_0003_0013_0064_0064.jpg 1 3 13 64 64
1518_0006_0026_0064_0064.jpg 1 6 26 64 64
1519_0025_0034_0047_0047.jpg 1 25 34 47 47
1520_0064_0018_0026_0026.jpg 1 64 18 26 26
1521_0004_0025_0060_0060.jpg 1 4 25 60 60
1522_0026_0026_0026_0026.jpg 1 26 26 26 26
1523_0020_0042_0044_0044.jpg 1 20 42 44 44
1524_0036_0031_0058_0058.jpg 1 36 31 58 58
1525_0037_0012_0052_0052.jpg 1 37 12 52 52
1526_0032_0015_0040_0040.jpg 1 32 15 40 40
1527_0003_0014_0062_0062.jpg 1 3 14 62 62
1528_0030_0067_0025_0025.jpg 1 30 67 25 25
1529_0019_0047_0025_0025.jpg 1 19 47 25 25
1530_0026_0009_0038_0038.jpg 1 26 9 38 38
1531_0015_0029_0055_0055.jpg 1 15 29 55 55
1532_0009_0005_0068_0068.jpg 1 9 5 68 68
1533_0056_0047_0026_0026.jpg 1 56 47 26 26
1534_0024_0006_0058_0058.jpg 1 24 6 58 58
1535_0031_0007_0055_0055.jpg 1 31 7 55 55
1536_0022_0006_0041_0041.jpg 1 22 6 41 41
1537_0031_0018_0062_0062.jpg 1 31 18 62 62
1538_0017_0032_0054_0054.jpg 1 17 32 54 54
1539_0010_0025_0032_0032.jpg 1 10 25 32 32
1540_0032_0039_0054_0054.jpg 1 32 39 54 54
1541_0023_0043_0052_0052.jpg 1 23 43 52 52
1542_0059_0009_0027_0027.jpg 1 59 9 27 27
1543_0027_0055_0027_0027.jpg 1 27 55 27 27
1544_0006_0020_0054_0054.jpg 1 6 20 54 54
1545_0029_0024_0052_0052.jpg 1 29 24 52 52
1546_0020_0028_0065_0065.jpg 1 20 28 65 65
1547_0032_0017_0049_0049.jpg 1 32 17 49 49
1548_0037_0042_0052_0052.jpg 1 37 42 52 52
1549_0009_0025_0060_0060.jpg 1 9 25 60 60
1550_0020_0018_0063_0063.jpg 1 20 18 63 63
1551_0022_0052_0029_0029.jpg 1 22 52 29 29
1552_0005_0009_0066_0066.jpg 1 5 9 66 66
1553_0025_0015_0062_0062.jpg 1 25 15 62 62
1554_0051_0045_0038_0038.jpg 1 51 45 38 38
1555_0009_0029_0040_0040.jpg 1 9 29 40 40
1556_0026_0038_0029_0029.jpg 1 26 38 29 29
1557_0023_0040_0024_0024.jpg 1 23 40 24 24
1558_0015_0040_0032_0032.jpg 1 15 40 32 32
1559_0030_0017_0065_0065.jpg 1 30 17 65 65
1560_0018_0009_0056_0056.jpg 1 18 9 56 56
1561_0013_0004_0069_0069.jpg 1 13 4 69 69
1562_0022_0019_0059_0059.jpg 1 22 19 59 59
1563_0015_0058_0034_0034.jpg 1 15 58 34 34
1564_0033_0054_0025_0025.jpg 1 33 54 25 25
1565_0034_0025_0060_0060.jpg 1 34 25 60 60
1566_0025_0019_0054_0054.jpg 1 25 19 54 54
1567_0033_0034_0050_0050.jpg 1 33 34 50 50
1568_0032_0046_0032_0032.jpg 1 32 46 32 32
1569_0040_0034_0052_0052.jpg 1 40 34 52 52
1570_0011_0037_0052_0052.jpg 1 11 37 52 52
1571_0025_0011_0061_0061.jpg 1 25 11 61 61
1572_0028_0023_0059_0059.jpg 1 28 23 59 59
1573_0016_0018_0056_0056.jpg 1 16 18 56 56
1574_0013_0032_0043_0043.jpg 1 13 32 43 43
1575_0044_0032_0038_0038.jpg 1 44 32 38 38
1576_0004_0010_0067_0067.jpg 1 4 10 67 67
1577_0022_0007_0036_0036.jpg 1 22 7 36 36
1578_0028_0021_0059_0059.jpg 1 28 21 59 59
1579_0015_0033_0062_0062.jpg 1 15 33 62 62
1580_0019_0046_0033_0033.jpg 1 19 46 33 33
1581_0032_0027_0037_0037.jpg 1 32 27 37 37
1582_0045_0044_0030_0030.jpg 1 45 44 30 30
1583_0019_0017_0039_0039.jpg 1 19 17 39 39
1584_0028_0056_0033_0033.jpg 1 28 56 33 33
1585_0029_0031_0047_0047.jpg 1 29 31 47 47
1586_0032_0037_0055_0055.jpg 1 32 37 55 55
1587_0023_0006_0068_0068.jpg 1 23 6 68 68
1588_0017_0026_0059_0059.jpg 1 17 26 59 59
1589_0028_0042_0032_0032.jpg 1 28 42 32 32
1590_0021_0066_0025_0025.jpg 1 21 66 25 25
1591_0011_0017_0063_0063.jpg 1 11 17 63 63
1592_0009_0024_0054_0054.jpg 1 9 24 54 54
1593_0017_0017_0069_0069.jpg 1 17 17 69 69
1594_0010_0018_0037_0037.jpg 1 10 18 37 37
1595_0032_0007_0024_0024.jpg 1 32 7 24 24
1596_0006_0034_0046_0046.jpg 1 6 34 46 46
1597_0023_0010_0069_0069.jpg 1 23 10 69 69
1598_0017_0023_0060_0060.jpg 1 17 23 60 60
1599_0044_0016_0031_0031.jpg 1 44 16 31 31
1600_0016_0034_0050_0050.jpg 1 16 34 50 50
1601_0013_0021_0040_0040.jpg 1 13 21 40 40
1602_0060_0033_0028_0028.jpg 1 60 33 28 28
1603_0027_0009_0056_0056.jpg 1 27 9 56 56
1604_0014_0027_0062_0062.jpg 1 14 27 62 62
1605_0030_0044_0041_0041.jpg 1 30 44 41 41
1606_0009_0018_0057_0057.jpg 1 9 18 57 57
1607_0021_0026_0047_0047.jpg 1 21 26 47 47
1608_0013_0005_0055_0055.jpg 1 13 5 55 55
1609_0057_0028_0036_0036.jpg 1 57 28 36 36
1610_0061_0026_0030_0030.jpg 1 61 26 30 30
1611_0027_0013_0064_0064.jpg 1 27 13 64 64
1612_0003_0029_0062_0062.jpg 1 3 29 62 62
1613_0019_0010_0026_0026.jpg 1 19 10 26 26
1614_0038_0008_0051_0051.jpg 1 38 8 51 51
1615_0013_0053_0037_0037.jpg 1 13 53 37 37
1616_0052_0034_0037_0037.jpg 1 52 34 37 37
1617_0037_0042_0044_0044.jpg 1 37 42 44 44
1618_0010_0013_0069_0069.jpg 1 10 13 69 69
1619_0012_0041_0041_0041.jpg 1 12 41 41 41
1620_0009_0032_0028_0028.jpg 1 9 32 28 28
1621_0018_0004_0057_0057.jpg 1 18 4 57 57
1622_0012_0004_0058_0058.jpg 1 12 4 58 58
1623_0022_0011_0061_0061.jpg 1 22 11 61 61
1624_0033_0027_0035_0035.jpg 1 33 27 35 35
1625_0036_0032_0053_0053.jpg 1 36 32 53 53
1626_0017_0006_0056_0056.jpg 1 17 6 56 56
1627_0048_0050_0028_0028.jpg 1 48 50 28 28
1628_0038_0004_0054_0054.jpg 1 38 4 54 54
1629_0039_0007_0033_0033.jpg 1 39 7 33 33
1630_0038_0032_0025_0025.jpg 1 38 32 25 25
1631_0021_0023_0046_0046.jpg 1 21 23 46 46
1632_0022_0011_0066_0066.jpg 1 22 11 66 66
1633_0034_0027_0052_0052.jpg 1 34 27 52 52
1634_0005_0011_0067_0067.jpg 1 5 11 67 67
1635_0019_0030_0066_0066.jpg 1 19 30 66 66
1636_0033_0043_0034_0034.jpg 1 33 43 34 34
1637_0016_0045_0034_0034.jpg 1 16 45 34 34
1638_0012_0013_0061_0061.jpg 1 12 13 61 61
1639_0033_0029_0059_0059.jpg 1 33 29 59 59
1640_0036_0051_0033_0033.jpg 1 36 51 33 33
1641_0052_0016_0033_0033.jpg 1 52 16 33 33
1642_0023_0006_0063_0063.jpg 1 23 6 63 63
1643_0025_0018_0060_0060.jpg 1 25 18 60 60
1644_0004_0016_0065_0065.jpg 1 4 16 65 65
1645_0020_0005_0052_0052.jpg 1 20 5 52 52
1646_0036_0035_0026_0026.jpg 1 36 35 26 26
1647_0040_0063_0026_0026.jpg 1 40 63 26 26
1648_0026_0020_0048_0048.jpg 1 26 20 48 48
1649_0024_0034_0034_0034.jpg 1 24 34 34 34
1650_0059_0011_0028_0028.jpg 1 59 11 28 28
1651_0032_0016_0056_0056.jpg 1 32 16 56 56
1652_0015_0009_0042_0042.jpg 1 15 9 42 42
1653_0031_0010_0036_0036.jpg 1 31 10 36 36
1654_0037_0030_0032_0032.jpg 1 37 30 32 32
1655_0022_0025_0064_0064.jpg 1 22 25 64 64
1656_0017_0033_0062_0062.jpg 1 17 33 62 62
1657_0019_0045_0048_0048.jpg 1 19 45 48 48
1658_0026_0022_0066_0066.jpg 1 26 22 66 66
1659_0033_0012_0052_0052.jpg 1 33 12 52 52
1660_0005_0004_0067_0067.jpg 1 5 4 67 67
1661_0037_0028_0026_0026.jpg 1 37 28 26 26
1662_0023_0037_0032_0032.jpg 1 23 37 32 32
1663_0018_0018_0057_0057.jpg 1 18 18 57 57
1664_0031_0029_0052_0052.jpg 1 31 29 52 52
1665_0063_0013_0026_0026.jpg 1 63 13 26 26
1666_0008_0018_0026_0026.jpg 1 8 18 26 26
1667_0011_0036_0051_0051.jpg 1 11 36 51 51
1668_0013_0037_0037_0037.jpg 1 13 37 37 37
1669_0017_0021_0063_0063.jpg 1 17 21 63 63
1670_0042_0043_0050_0050.jpg 1 42 43 50 50
1671_0057_0024_0031_0031.jpg 1 57 24 31 31
1672_0027_0003_0066_0066.jpg 1 27 3 66 66
1673_0007_0032_0056_0056.jpg 1 7 32 56 56
1674_0014_0021_0059_0059.jpg 1 14 21 59 59
1675_0024_0013_0056_0056.jpg 1 24 13 56 56
1676_0013_0035_0058_0058.jpg 1 13 35 58 58
1677_0015_0035_0054_0054.jpg 1 15 35 54 54
1678_0007_0031_0042_0042.jpg 1 7 31 42 42
1679_0010_0010_0059_0059.jpg 1 10 10 59 59
1680_0011_0034_0036_0036.jpg 1 11 34 36 36
1681_0032_0014_0045_0045.jpg 1 32 14 45 45
1682_0004_0019_0065_0065.jpg 1 4 19 65 65
1683_0035_0060_0025_0025.jpg 1 35 60 25 25
1684_0053_0055_0028_0028.jpg 1 53 55 28 28
1685_0041_0022_0043_0043.jpg 1 41 22 43 43
1686_0041_0006_0034_0034.jpg 1 41 6 34 34
1687_0013_0010_0030_0030.jpg 1 13 10 30 30
1688_0034_0022_0058_0058.jpg 1 34 22 58 58
1689_0021_0046_0037_0037.jpg 1 21 46 37 37
1690_0035_0032_0059_0059.jpg 1 35 32 59 59
1691_0011_0017_0055_0055.jpg 1 11 17 55 55
1692_0018_0039_0055_0055.jpg 1 18 39 55 55
1693_0044_0050_0031_0031.jpg 1 44 50 31 31
1694_0018_0050_0031_0031.jpg 1 18 50 31 31
1695_0017_0007_0067_0067.jpg 1 17 7 67 67
1696_0015_0067_0024_0024.jpg 1 15 67 24 24
1697_0050_0022_0035_0035.jpg 1 50 22 35 35
1698_0016_0046_0035_0035.jpg 1 16 46 35 35
1699_0005_0020_0063_0063.jpg 1 5 20 63 63
1700_0013_0040_0043_0043.jpg 1 13 40 43 43
1701_0019_0029_0065_0065.jpg 1 19 29 65 65
1702_0020_0007_0063_0063.jpg 1 20 7 63 63
1703_0009_0007_0062_0062.jpg 1 9 7 62 62
1704_0014_0047_0031_0031.jpg 1 14 47 31 31
1705_0044_0039_0041_0041.jpg 1 44 39 41 41
1706_0012_0017_0058_0058.jpg 1 12 17 58 58
1707_0012_0030_0056_0056.jpg 1 12 30 56 56
1708_0027_0019_0056_0056.jpg 1 27 19 56 56
1709_0005_0037_0058_0058.jpg 1 5 37 58 58
1710_0044_0009_0046_0046.jpg 1 44 9 46 46
1711_0034_0034_0048_0048.jpg 1 34 34 48 48
1712_0021_0013_0064_0064.jpg 1 21 13 64 64
1713_0026_0014_0059_0059.jpg 1 26 14 59 59
1714_0012_0042_0034_0034.jpg 1 12 42 34 34
1715_0038_0020_0046_0046.jpg 1 38 20 46 46
1716_0037_0045_0046_0046.jpg 1 37 45 46 46
1717_0020_0016_0059_0059.jpg 1 20 16 59 59
1718_0035_0019_0057_0057.jpg 1 35 19 57 57
1719_0024_0007_0058_0058.jpg 1 24 7 58 58
1720_0039_0017_0042_0042.jpg 1 39 17 42 42
1721_0041_0034_0048_0048.jpg 1 41 34 48 48
1722_0013_0026_0028_0028.jpg 1 13 26 28 28
1723_0038_0013_0043_0043.jpg 1 38 13 43 43
1724_0047_0009_0035_0035.jpg 1 47 9 35 35
1725_0024_0051_0029_0029.jpg 1 24 51 29 29
1726_0024_0029_0061_0061.jpg 1 24 29 61 61
1727_0025_0040_0036_0036.jpg 1 25 40 36 36
1728_0048_0031_0044_0044.jpg 1 48 31 44 44
1729_0023_0025_0062_0062.jpg 1 23 25 62 62
1730_0006_0042_0043_0043.jpg 1 6 42 43 43
1731_0034_0012_0060_0060.jpg 1 34 12 60 60
1732_0016_0012_0068_0068.jpg 1 16 12 68 68
1733_0020_0008_0068_0068.jpg 1 20 8 68 68
1734_0028_0027_0048_0048.jpg 1 28 27 48 48
1735_0012_0007_0065_0065.jpg 1 12 7 65 65
1736_0020_0019_0036_0036.jpg 1 20 19 36 36
1737_0011_0017_0062_0062.jpg 1 11 17 62 62
1738_0040_0018_0054_0054.jpg 1 40 18 54 54
1739_0010_0028_0066_0066.jpg 1 10 28 66 66
1740_0009_0016_0032_0032.jpg 1 9 16 32 32
1741_0040_0045_0047_0047.jpg 1 40 45 47 47
1742_0035_0050_0031_0031.jpg 1 35 50 31 31
1743_0039_0025_0044_0044.jpg 1 39 25 44 44
1744_0039_0005_0056_0056.jpg 1 39 5 56 56
1745_0029_0016_0059_0059.jpg 1 29 16 59 59
1746_0017_0006_0067_0067.jpg 1 17 6 67 67
1747_0029_0048_0031_0031.jpg 1 29 48 31 31
1748_0026_0018_0069_0069.jpg 1 26 18 69 69
1749_0024_0017_0067_0067.jpg 1 24 17 67 67
1750_0038_0026_0047_0047.jpg 1 38 26 47 47
1751_0030_0031_0060_0060.jpg 1 30 31 60 60
1752_0058_0030_0028_0028.jpg 1 58 30 28 28
1753_0010_0008_0063_0063.jpg 1 10 8 63 63
1754_0027_0029_0060_0060.jpg 1 27 29 60 60
1755_0031_0022_0065_0065.jpg 1 31 22 65 65
1756_0008_0017_0068_0068.jpg 1 8 17 68 68
1757_0026_0037_0050_0050.jpg 1 26 37 50 50
1758_0004_0012_0069_0069.jpg 1 4 12 69 69
1759_0022_0031_0061_0061.jpg 1 22 31 61 61
1760_0011_0039_0036_0036.jpg 1 11 39 36 36
1761_0031_0042_0041_0041.jpg 1 31 42 41 41
1762_0047_0008_0042_0042.jpg 1 47 8 42 42
1763_0026_0041_0047_0047.jpg 1 26 41 47 47
1764_0011_0041_0035_0035.jpg 1 11 41 35 35
1765_0039_0038_0054_0054.jpg 1 39 38 54 54
1766_0023_0047_0043_0043.jpg 1 23 47 43 43
1767_0007_0022_0044_0044.jpg 1 7 22 44 44
1768_0012_0035_0053_0053.jpg 1 12 35 53 53
1769_0025_0023_0054_0054.jpg 1 25 23 54 54
1770_0046_0018_0040_0040.jpg 1 46 18 40 40
1771_0023_0037_0045_0045.jpg 1 23 37 45 45
1772_0023_0023_0047_0047.jpg 1 23 23 47 47
1773_0039_0013_0048_0048.jpg 1 39 13 48 48
1774_0021_0027_0036_0036.jpg 1 21 27 36 36
1775_0007_0019_0053_0053.jpg 1 7 19 53 53
1776_0014_0051_0030_0030.jpg 1 14 51 30 30
1777_0008_0058_0025_0025.jpg 1 8 58 25 25
1778_0024_0020_0065_0065.jpg 1 24 20 65 65
1779_0009_0009_0033_0033.jpg 1 9 9 33 33
1780_0013_0005_0066_0066.jpg 1 13 5 66 66
1781_0038_0020_0049_0049.jpg 1 38 20 49 49
1782_0034_0043_0046_0046.jpg 1 34 43 46 46
1783_0027_0021_0041_0041.jpg 1 27 21 41 41
1784_0022_0016_0034_0034.jpg 1 22 16 34 34
1785_0019_0023_0063_0063.jpg 1 19 23 63 63
1786_0012_0004_0056_0056.jpg 1 12 4 56 56
1787_0041_0048_0035_0035.jpg 1 41 48 35 35
1788_0034_0040_0034_0034.jpg 1 34 40 34 34
1789_0039_0030_0028_0028.jpg 1 39 30 28 28
1790_0039_0014_0048_0048.jpg 1 39 14 48 48
1791_0036_0034_0055_0055.jpg 1 36 34 55 55
1792_0017_0015_0064_0064.jpg 1 17 15 64 64
1793_0033_0006_0048_0048.jpg 1 33 6 48 48
1794_0024_0020_0026_0026.jpg 1 24 20 26 26
1795_0029_0025_0030_0030.jpg 1 29 25 30 30
1796_0034_0036_0055_0055.jpg 1 34 36 55 55
1797_0026_0025_0050_0050.jpg 1 26 25 50 50
1798_0025_0006_0043_0043.jpg 1 25 6 43 43
1799_0043_0037_0051_0051.jpg 1 43 37 51 51
1800_0036_0030_0052_0052.jpg 1 36 30 52 52
1801_0044_0019_0047_0047.jpg 1 44 19 47 47
1802_0015_0030_0056_0056.jpg 1 15 30 56 56
1803_0020_0014_0043_0043.jpg 1 20 14 43 43
1804_0048_0032_0026_0026.jpg 1 48 32 26 26
1805_0013_0016_0044_0044.jpg 1 13 16 44 44
1806_0027_0027_0057_0057.jpg 1 27 27 57 57
1807_0021_0036_0033_0033.jpg 1 21 36 33 33
1808_0046_0043_0047_0047.jpg 1 46 43 47 47
1809_0037_0018_0034_0034.jpg 1 37 18 34 34
1810_0007_0025_0068_0068.jpg 1 7 25 68 68
1811_0017_0012_0055_0055.jpg 1 17 12 55 55
1812_0038_0027_0054_0054.jpg 1 38 27 54 54
1813_0048_0027_0032_0032.jpg 1 48 27 32 32
1814_0048_0021_0046_0046.jpg 1 48 21 46 46
1815_0010_0024_0052_0052.jpg 1 10 24 52 52
1816_0057_0056_0030_0030.jpg 1 57 56 30 30
1817_0059_0043_0032_0032.jpg 1 59 43 32 32
1818_0006_0029_0056_0056.jpg 1 6 29 56 56
1819_0022_0028_0050_0050.jpg 1 22 28 50 50
1820_0039_0033_0041_0041.jpg 1 39 33 41 41
1821_0033_0006_0038_0038.jpg 1 33 6 38 38
1822_0024_0009_0039_0039.jpg 1 24 9 39 39
1823_0026_0014_0068_0068.jpg 1 26 14 68 68
1824_0004_0010_0051_0051.jpg 1 4 10 51 51
1825_0010_0028_0065_0065.jpg 1 10 28 65 65
1826_0037_0009_0035_0035.jpg 1 37 9 35 35
1827_0014_0027_0058_0058.jpg 1 14 27 58 58
1828_0030_0016_0050_0050.jpg 1 30 16 50 50
1829_0037_0031_0039_0039.jpg 1 37 31 39 39
1830_0012_0030_0042_0042.jpg 1 12 30 42 42
1831_0043_0026_0044_0044.jpg 1 43 26 44 44
1832_0009_0005_0049_0049.jpg 1 9 5 49 49
1833_0016_0014_0067_0067.jpg 1 16 14 67 67
1834_0038_0029_0049_0049.jpg 1 38 29 49 49
1835_0021_0011_0065_0065.jpg 1 21 11 65 65
1836_0049_0028_0031_0031.jpg 1 49 28 31 31
1837_0006_0019_0063_0063.jpg 1 6 19 63 63
1838_0007_0020_0039_0039.jpg 1 7 20 39 39
1839_0008_0053_0035_0035.jpg 1 8 53 35 35
1840_0029_0037_0032_0032.jpg 1 29 37 32 32
1841_0022_0031_0065_0065.jpg 1 22 31 65 65
1842_0020_0050_0024_0024.jpg 1 20 50 24 24
1843_0005_0013_0057_0057.jpg 1 5 13 57 57
1844_0025_0022_0050_0050.jpg 1 25 22 50 50
1845_0041_0005_0045_0045.jpg 1 41 5 45 45
1846_0014_0036_0041_0041.jpg 1 14 36 41 41
1847_0026_0018_0052_0052.jpg 1 26 18 52 52
1848_0038_0044_0032_0032.jpg 1 38 44 32 32
1849_0038_0038_0042_0042.jpg 1 38 38 42 42
1850_0027_0028_0052_0052.jpg 1 27 28 52 52
1851_0067_0067_0024_0024.jpg 1 67 67 24 24
1852_0025_0024_0060_0060.jpg 1 25 24 60 60
1853_0024_0007_0061_0061.jpg 1 24 7 61 61
1854_0015_0042_0034_0034.jpg 1 15 42 34 34
1855_0015_0028_0060_0060.jpg 1 15 28 60 60
1856_0022_0005_0061_0061.jpg 1 22 5 61 61
1857_0030_0061_0027_0027.jpg 1 30 61 27 27
1858_0010_0012_0063_0063.jpg 1 10 12 63 63
1859_0043_0044_0047_0047.jpg 1 43 44 47 47
1860_0029_0009_0038_0038.jpg 1 29 9 38 38
1861_0022_0021_0049_0049.jpg 1 22 21 49 49
1862_0058_0020_0031_0031.jpg 1 58 20 31 31
1863_0022_0023_0029_0029.jpg 1 22 23 29 29
1864_0032_0006_0062_0062.jpg 1 32 6 62 62
1865_0021_0014_0051_0051.jpg 1 21 14 51 51
1866_0029_0020_0059_0059.jpg 1 29 20 59 59
1867_0011_0065_0025_0025.jpg 1 11 65 25 25
1868_0038_0037_0033_0033.jpg 1 38 37 33 33
1869_0039_0033_0041_0041.jpg 1 39 33 41 41
1870_0023_0004_0069_0069.jpg 1 23 4 69 69
1871_0005_0014_0065_0065.jpg 1 5 14 65 65
1872_0022_0005_0048_0048.jpg 1 22 5 48 48
1873_0019_0026_0056_0056.jpg 1 19 26 56 56
1874_0012_0026_0064_0064.jpg 1 12 26 64 64
1875_0037_0013_0044_0044.jpg 1 37 13 44 44
1876_0004_0021_0069_0069.jpg 1 4 21 69 69
1877_0014_0053_0024_0024.jpg 1 14 53 24 24
1878_0048_0036_0024_0024.jpg 1 48 36 24 24
1879_0023_0043_0046_0046.jpg 1 23 43 46 46
1880_0013_0032_0058_0058.jpg 1 13 32 58 58
1881_0058_0020_0030_0030.jpg 1 58 20 30 30
1882_0020_0029_0039_0039.jpg 1 20 29 39 39
1883_0041_0042_0052_0052.jpg 1 41 42 52 52
1884_0013_0035_0061_0061.jpg 1 13 35 61 61
1885_0011_0018_0034_0034.jpg 1 11 18 34 34
1886_0041_0050_0028_0028.jpg 1 41 50 28 28
1887_0050_0042_0037_0037.jpg 1 50 42 37 37
1888_0009_0014_0064_0064.jpg 1 9 14 64 64
1889_0015_0024_0054_0054.jpg 1 15 24 54 54
1890_0026_0027_0056_0056.jpg 1 26 27 56 56
1891_0041_0006_0045_0045.jpg 1 41 6 45 45
1892_0017_0031_0036_0036.jpg 1 17 31 36 36
1893_0005_0023_0061_0061.jpg 1 5 23 61 61
1894_0012_0037_0053_0053.jpg 1 12 37 53 53
1895_0036_0013_0057_0057.jpg 1 36 13 57 57
1896_0011_0008_0059_0059.jpg 1 11 8 59 59
1897_0062_0026_0027_0027.jpg 1 62 26 27 27
1898_0037_0019_0032_0032.jpg 1 37 19 32 32
1899_0010_0010_0066_0066.jpg 1 10 10 66 66
1900_0007_0013_0048_0048.jpg 1 7 13 48 48
1901_0013_0038_0051_0051.jpg 1 13 38 51 51
1902_0026_0031_0048_0048.jpg 1 26 31 48 48
1903_0006_0010_0035_0035.jpg 1 6 10 35 35
1904_0027_0017_0065_0065.jpg 1 27 17 65 65
1905_0008_0038_0035_0035.jpg 1 8 38 35 35
1906_0043_0044_0044_0044.jpg 1 43 44 44 44
1907_0005_0027_0067_0067.jpg 1 5 27 67 67
1908_0029_0047_0038_0038.jpg 1 29 47 38 38
1909_0044_0010_0043_0043.jpg 1 44 10 43 43
1910_0051_0036_0035_0035.jpg 1 51 36 35 35
1911_0022_0008_0039_0039.jpg 1 22 8 39 39
1912_0056_0039_0032_0032.jpg 1 56 39 32 32
1913_0054_0052_0024_0024.jpg 1 54 52 24 24
1914_0023_0004_0056_0056.jpg 1 23 4 56 56
1915_0006_0027_0049_0049.jpg 1 6 27 49 49
1916_0022_0033_0060_0060.jpg 1 22 33 60 60
1917_0060_0050_0032_0032.jpg 1 60 50 32 32
1918_0007_0005_0060_0060.jpg 1 7 5 60 60
1919_0011_0019_0048_0048.jpg 1 11 19 48 48
1920_0046_0026_0030_0030.jpg 1 46 26 30 30
1921_0014_0020_0037_0037.jpg 1 14 20 37 37
1922_0011_0036_0055_0055.jpg 1 11 36 55 55
1923_0030_0034_0059_0059.jpg 1 30 34 59 59
1924_0030_0029_0059_0059.jpg 1 30 29 59 59
1925_0026_0027_0059_0059.jpg 1 26 27 59 59
1926_0020_0010_0052_0052.jpg 1 20 10 52 52
1927_0032_0023_0040_0040.jpg 1 32 23 40 40
1928_0034_0017_0059_0059.jpg 1 34 17 59 59
1929_0007_0006_0069_0069.jpg 1 7 6 69 69
1930_0027_0022_0056_0056.jpg 1 27 22 56 56
1931_0036_0008_0055_0055.jpg 1 36 8 55 55
1932_0009_0025_0048_0048.jpg 1 9 25 48 48
1933_0051_0054_0031_0031.jpg 1 51 54 31 31
1934_0017_0028_0062_0062.jpg 1 17 28 62 62
1935_0030_0046_0042_0042.jpg 1 30 46 42 42
1936_0029_0014_0053_0053.jpg 1 29 14 53 53
1937_0045_0032_0029_0029.jpg 1 45 32 29 29
1938_0017_0033_0049_0049.jpg 1 17 33 49 49
1939_0045_0030_0039_0039.jpg 1 45 30 39 39
1940_0024_0029_0063_0063.jpg 1 24 29 63 63
1941_0015_0032_0038_0038.jpg 1 15 32 38 38
1942_0007_0020_0068_0068.jpg 1 7 20 68 68
1943_0007_0049_0037_0037.jpg 1 7 49 37 37
1944_0016_0009_0062_0062.jpg 1 16 9 62 62
1945_0021_0031_0052_0052.jpg 1 21 31 52 52
1946_0037_0044_0050_0050.jpg 1 37 44 50 50
1947_0028_0023_0065_0065.jpg 1 28 23 65 65
1948_0028_0043_0029_0029.jpg 1 28 43 29 29
1949_0034_0024_0035_0035.jpg 1 34 24 35 35
1950_0011_0022_0030_0030.jpg 1 11 22 30 30
